#
# A fatal error has been detected by the Java Runtime Environment:
#
#  Internal Error (exceptions.cpp:526), pid=12488, tid=1312
#  fatal error: ExceptionMark destructor expects no pending exceptions
#
# JRE version: Java(TM) SE Runtime Environment (17.0.1+12) (build 17.0.1+12-LTS-39)
# Java VM: Java HotSpot(TM) 64-Bit Server VM (17.0.1+12-LTS-39, mixed mode, sharing, tiered, compressed oops, compressed class ptrs, g1 gc, windows-amd64)
# No core dump will be written. Minidumps are not enabled by default on client versions of Windows
#
# If you would like to submit a bug report, please visit:
#   https://bugreport.java.com/bugreport/crash.jsp
#

---------------  S U M M A R Y ------------

Command Line: -Dfile.encoding=UTF-8 -agentlib:jdwp=transport=dt_shmem,address=javadebug --module-path=C:\Users\BVCN 88\Documents\NetBeansProjects\MultiChat\build\classes viewclient.LoginFrm

Host: Intel(R) Core(TM) i7-7700HQ CPU @ 2.80GHz, 8 cores, 7G,  Windows 10 , 64 bit Build 19041 (10.0.19041.1348)
Time: Wed Dec  1 21:33:40 2021 SE Asia Standard Time elapsed time: 37.721545 seconds (0d 0h 0m 37s)

---------------  T H R E A D  ---------------

Current thread (0x000002cca3d48600):  JavaThread "Thread-0" [_thread_in_vm, id=1312, stack(0x000000f779700000,0x000000f779800000)]

Stack: [0x000000f779700000,0x000000f779800000]
Native frames: (J=compiled Java code, j=interpreted, Vv=VM code, C=native code)
V  [jvm.dll+0x66fa1a]
V  [jvm.dll+0x7ce5a4]
V  [jvm.dll+0x7cfd4e]
V  [jvm.dll+0x24285f]
V  [jvm.dll+0x2b945c]
V  [jvm.dll+0x5183f1]
V  [jvm.dll+0x37c094]
C  0x000002cc8c81dee0

Java frames: (J=compiled Java code, j=interpreted, Vv=VM code)
j  sun.nio.ch.NioSocketImpl.tryRead(Ljava/io/FileDescriptor;[BII)I+86 java.base@17.0.1
j  sun.nio.ch.NioSocketImpl.implRead([BII)I+99 java.base@17.0.1
j  sun.nio.ch.NioSocketImpl.read([BII)I+54 java.base@17.0.1
j  sun.nio.ch.NioSocketImpl$1.read([BII)I+7 java.base@17.0.1
j  java.net.Socket$SocketInputStream.read([BII)I+7 java.base@17.0.1
j  java.net.Socket$SocketInputStream.read()I+8 java.base@17.0.1
J 1561 c1 java.io.DataInputStream.readUnsignedShort()I java.base@17.0.1 (39 bytes) @ 0x000002cc8d07026c [0x000002cc8d070160+0x000000000000010c]
J 1555 c1 java.io.DataInputStream.readUTF(Ljava/io/DataInput;)Ljava/lang/String; java.base@17.0.1 (501 bytes) @ 0x000002cc8d0697f4 [0x000002cc8d069700+0x00000000000000f4]
J 1560 c1 java.io.DataInputStream.readUTF()Ljava/lang/String; java.base@17.0.1 (5 bytes) @ 0x000002cc8d06fe1c [0x000002cc8d06fda0+0x000000000000007c]
j  coreclient.ClientManager$1.run()V+7
j  java.lang.Thread.run()V+11 java.base@17.0.1
v  ~StubRoutines::call_stub

---------------  P R O C E S S  ---------------

Threads class SMR info:
_java_thread_list=0x000002cca3e95e30, length=22, elements={
0x000002cca30ae460, 0x000002cca30af1e0, 0x000002cca30bc0a0, 0x000002cca30bcb60,
0x000002cca30c0840, 0x000002cca30c2e50, 0x000002cca30c3af0, 0x000002cca30cdfd0,
0x000002cca30db0f0, 0x000002cca30914a0, 0x000002cca3d06280, 0x000002cca3de1db0,
0x000002cca3de22a0, 0x000002cca3d8d490, 0x000002cca3f0eb20, 0x000002cca3f0f400,
0x000002cca3fe18f0, 0x000002cc84fffae0, 0x000002cca3ff9030, 0x000002cca4f89780,
0x000002cca3d4bfc0, 0x000002cca3d48600
}

Java Threads: ( => current thread )
  0x000002cca30ae460 JavaThread "Reference Handler" daemon [_thread_blocked, id=20052, stack(0x000000f777600000,0x000000f777700000)]
  0x000002cca30af1e0 JavaThread "Finalizer" daemon [_thread_blocked, id=19980, stack(0x000000f777700000,0x000000f777800000)]
  0x000002cca30bc0a0 JavaThread "Signal Dispatcher" daemon [_thread_blocked, id=7596, stack(0x000000f777800000,0x000000f777900000)]
  0x000002cca30bcb60 JavaThread "Attach Listener" daemon [_thread_blocked, id=11136, stack(0x000000f777900000,0x000000f777a00000)]
  0x000002cca30c0840 JavaThread "Service Thread" daemon [_thread_blocked, id=12276, stack(0x000000f777a00000,0x000000f777b00000)]
  0x000002cca30c2e50 JavaThread "Monitor Deflation Thread" daemon [_thread_blocked, id=11864, stack(0x000000f777b00000,0x000000f777c00000)]
  0x000002cca30c3af0 JavaThread "C2 CompilerThread0" daemon [_thread_blocked, id=14388, stack(0x000000f777c00000,0x000000f777d00000)]
  0x000002cca30cdfd0 JavaThread "C1 CompilerThread0" daemon [_thread_blocked, id=9916, stack(0x000000f777d00000,0x000000f777e00000)]
  0x000002cca30db0f0 JavaThread "Sweeper thread" daemon [_thread_blocked, id=13052, stack(0x000000f777e00000,0x000000f777f00000)]
  0x000002cca30914a0 JavaThread "Common-Cleaner" daemon [_thread_blocked, id=13988, stack(0x000000f777f00000,0x000000f778000000)]
  0x000002cca3d06280 JavaThread "JDWP Transport Listener: dt_shmem" daemon [_thread_blocked, id=14680, stack(0x000000f778000000,0x000000f778100000)]
  0x000002cca3de1db0 JavaThread "JDWP Event Helper Thread" daemon [_thread_blocked, id=15164, stack(0x000000f778100000,0x000000f778200000)]
  0x000002cca3de22a0 JavaThread "JDWP Command Reader" daemon [_thread_in_native, id=17420, stack(0x000000f778200000,0x000000f778300000)]
  0x000002cca3d8d490 JavaThread "Notification Thread" daemon [_thread_blocked, id=16076, stack(0x000000f778300000,0x000000f778400000)]
  0x000002cca3f0eb20 JavaThread "Java2D Disposer" daemon [_thread_blocked, id=19892, stack(0x000000f778500000,0x000000f778600000)]
  0x000002cca3f0f400 JavaThread "AWT-Shutdown" [_thread_blocked, id=10700, stack(0x000000f778600000,0x000000f778700000)]
  0x000002cca3fe18f0 JavaThread "AWT-EventQueue-0" [_thread_blocked, id=15840, stack(0x000000f778800000,0x000000f778900000)]
  0x000002cc84fffae0 JavaThread "DestroyJavaVM" [_thread_blocked, id=15492, stack(0x000000f776f00000,0x000000f777000000)]
  0x000002cca3ff9030 JavaThread "org.netbeans.modules.debugger.jpda.visual AWT Access Loop" daemon [_thread_blocked, id=12280, stack(0x000000f778900000,0x000000f778a00000)]
  0x000002cca4f89780 JavaThread "TimerQueue" daemon [_thread_blocked, id=12084, stack(0x000000f778d00000,0x000000f778e00000)]
  0x000002cca3d4bfc0 JavaThread "mysql-cj-abandoned-connection-cleanup" daemon [_thread_blocked, id=17764, stack(0x000000f778e00000,0x000000f778f00000)]
=>0x000002cca3d48600 JavaThread "Thread-0" [_thread_in_vm, id=1312, stack(0x000000f779700000,0x000000f779800000)]

Other Threads:
  0x000002cca30a5080 VMThread "VM Thread" [stack: 0x000000f777500000,0x000000f777600000] [id=17812]
  0x000002cc85058870 WatcherThread [stack: 0x000000f778400000,0x000000f778500000] [id=15016]
  0x000002cc8503dae0 GCTaskThread "GC Thread#0" [stack: 0x000000f777000000,0x000000f777100000] [id=288]
  0x000002cca6c19d10 GCTaskThread "GC Thread#1" [stack: 0x000000f778f00000,0x000000f779000000] [id=1952]
  0x000002cca508dbe0 GCTaskThread "GC Thread#2" [stack: 0x000000f779000000,0x000000f779100000] [id=8376]
  0x000002cca5082450 GCTaskThread "GC Thread#3" [stack: 0x000000f779100000,0x000000f779200000] [id=8496]
  0x000002cca5082700 GCTaskThread "GC Thread#4" [stack: 0x000000f779200000,0x000000f779300000] [id=15832]
  0x000002cca50829b0 GCTaskThread "GC Thread#5" [stack: 0x000000f779300000,0x000000f779400000] [id=19800]
  0x000002cca4fdc8b0 GCTaskThread "GC Thread#6" [stack: 0x000000f779400000,0x000000f779500000] [id=18856]
  0x000002cca4fdcb60 GCTaskThread "GC Thread#7" [stack: 0x000000f779500000,0x000000f779600000] [id=11392]
  0x000002cc85050710 ConcurrentGCThread "G1 Main Marker" [stack: 0x000000f777100000,0x000000f777200000] [id=18796]
  0x000002cc850527e0 ConcurrentGCThread "G1 Conc#0" [stack: 0x000000f777200000,0x000000f777300000] [id=1208]
  0x000002cc850dba90 ConcurrentGCThread "G1 Refine#0" [stack: 0x000000f777300000,0x000000f777400000] [id=11628]
  0x000002cca49d21b0 ConcurrentGCThread "G1 Refine#1" [stack: 0x000000f779600000,0x000000f779700000] [id=5808]
  0x000002cc850dc3c0 ConcurrentGCThread "G1 Service" [stack: 0x000000f777400000,0x000000f777500000] [id=11144]

Threads with active compile tasks:

VM state: not at safepoint (normal execution)

VM Mutex/Monitor currently owned by a thread: None

Heap address: 0x0000000081200000, size: 2030 MB, Compressed Oops mode: 32-bit

CDS archive(s) mapped at: [0x0000000800000000-0x0000000800bc0000-0x0000000800bc0000), size 12320768, SharedBaseAddress: 0x0000000800000000, ArchiveRelocationMode: 0.
Compressed class space mapped at: 0x0000000800c00000-0x0000000840c00000, reserved size: 1073741824
Narrow klass base: 0x0000000800000000, Narrow klass shift: 0, Narrow klass range: 0x100000000

GC Precious Log:
 CPUs: 8 total, 8 available
 Memory: 8112M
 Large Page Support: Disabled
 NUMA Support: Disabled
 Compressed Oops: Enabled (32-bit)
 Heap Region Size: 1M
 Heap Min Capacity: 8M
 Heap Initial Capacity: 128M
 Heap Max Capacity: 2030M
 Pre-touch: Disabled
 Parallel Workers: 8
 Concurrent Workers: 2
 Concurrent Refinement Workers: 8
 Periodic GC: Disabled

Heap:
 garbage-first heap   total 131072K, used 11193K [0x0000000081200000, 0x0000000100000000)
  region size 1024K, 9 young (9216K), 3 survivors (3072K)
 Metaspace       used 14989K, committed 15232K, reserved 1064960K
  class space    used 1646K, committed 1792K, reserved 1048576K

Heap Regions: E=young(eden), S=young(survivor), O=old, HS=humongous(starts), HC=humongous(continues), CS=collection set, F=free, OA=open archive, CA=closed archive, TAMS=top-at-mark-start (previous, next)
|   0|0x0000000081200000, 0x0000000081300000, 0x0000000081300000|100%|HS|  |TAMS 0x0000000081200000, 0x0000000081200000| Complete 
|   1|0x0000000081300000, 0x0000000081400000, 0x0000000081400000|100%| O|  |TAMS 0x0000000081300000, 0x0000000081300000| Untracked 
|   2|0x0000000081400000, 0x00000000814ee600, 0x0000000081500000| 93%| O|  |TAMS 0x0000000081400000, 0x0000000081400000| Untracked 
|   3|0x0000000081500000, 0x0000000081500000, 0x0000000081600000|  0%| F|  |TAMS 0x0000000081500000, 0x0000000081500000| Untracked 
|   4|0x0000000081600000, 0x0000000081600000, 0x0000000081700000|  0%| F|  |TAMS 0x0000000081600000, 0x0000000081600000| Untracked 
|   5|0x0000000081700000, 0x0000000081700000, 0x0000000081800000|  0%| F|  |TAMS 0x0000000081700000, 0x0000000081700000| Untracked 
|   6|0x0000000081800000, 0x0000000081800000, 0x0000000081900000|  0%| F|  |TAMS 0x0000000081800000, 0x0000000081800000| Untracked 
|   7|0x0000000081900000, 0x0000000081900000, 0x0000000081a00000|  0%| F|  |TAMS 0x0000000081900000, 0x0000000081900000| Untracked 
|   8|0x0000000081a00000, 0x0000000081a00000, 0x0000000081b00000|  0%| F|  |TAMS 0x0000000081a00000, 0x0000000081a00000| Untracked 
|   9|0x0000000081b00000, 0x0000000081b00000, 0x0000000081c00000|  0%| F|  |TAMS 0x0000000081b00000, 0x0000000081b00000| Untracked 
|  10|0x0000000081c00000, 0x0000000081c00000, 0x0000000081d00000|  0%| F|  |TAMS 0x0000000081c00000, 0x0000000081c00000| Untracked 
|  11|0x0000000081d00000, 0x0000000081d00000, 0x0000000081e00000|  0%| F|  |TAMS 0x0000000081d00000, 0x0000000081d00000| Untracked 
|  12|0x0000000081e00000, 0x0000000081e00000, 0x0000000081f00000|  0%| F|  |TAMS 0x0000000081e00000, 0x0000000081e00000| Untracked 
|  13|0x0000000081f00000, 0x0000000081f00000, 0x0000000082000000|  0%| F|  |TAMS 0x0000000081f00000, 0x0000000081f00000| Untracked 
|  14|0x0000000082000000, 0x0000000082000000, 0x0000000082100000|  0%| F|  |TAMS 0x0000000082000000, 0x0000000082000000| Untracked 
|  15|0x0000000082100000, 0x0000000082100000, 0x0000000082200000|  0%| F|  |TAMS 0x0000000082100000, 0x0000000082100000| Untracked 
|  16|0x0000000082200000, 0x0000000082200000, 0x0000000082300000|  0%| F|  |TAMS 0x0000000082200000, 0x0000000082200000| Untracked 
|  17|0x0000000082300000, 0x0000000082300000, 0x0000000082400000|  0%| F|  |TAMS 0x0000000082300000, 0x0000000082300000| Untracked 
|  18|0x0000000082400000, 0x0000000082400000, 0x0000000082500000|  0%| F|  |TAMS 0x0000000082400000, 0x0000000082400000| Untracked 
|  19|0x0000000082500000, 0x0000000082500000, 0x0000000082600000|  0%| F|  |TAMS 0x0000000082500000, 0x0000000082500000| Untracked 
|  20|0x0000000082600000, 0x0000000082600000, 0x0000000082700000|  0%| F|  |TAMS 0x0000000082600000, 0x0000000082600000| Untracked 
|  21|0x0000000082700000, 0x0000000082700000, 0x0000000082800000|  0%| F|  |TAMS 0x0000000082700000, 0x0000000082700000| Untracked 
|  22|0x0000000082800000, 0x0000000082800000, 0x0000000082900000|  0%| F|  |TAMS 0x0000000082800000, 0x0000000082800000| Untracked 
|  23|0x0000000082900000, 0x0000000082900000, 0x0000000082a00000|  0%| F|  |TAMS 0x0000000082900000, 0x0000000082900000| Untracked 
|  24|0x0000000082a00000, 0x0000000082a00000, 0x0000000082b00000|  0%| F|  |TAMS 0x0000000082a00000, 0x0000000082a00000| Untracked 
|  25|0x0000000082b00000, 0x0000000082b00000, 0x0000000082c00000|  0%| F|  |TAMS 0x0000000082b00000, 0x0000000082b00000| Untracked 
|  26|0x0000000082c00000, 0x0000000082c00000, 0x0000000082d00000|  0%| F|  |TAMS 0x0000000082c00000, 0x0000000082c00000| Untracked 
|  27|0x0000000082d00000, 0x0000000082d00000, 0x0000000082e00000|  0%| F|  |TAMS 0x0000000082d00000, 0x0000000082d00000| Untracked 
|  28|0x0000000082e00000, 0x0000000082e00000, 0x0000000082f00000|  0%| F|  |TAMS 0x0000000082e00000, 0x0000000082e00000| Untracked 
|  29|0x0000000082f00000, 0x0000000082f00000, 0x0000000083000000|  0%| F|  |TAMS 0x0000000082f00000, 0x0000000082f00000| Untracked 
|  30|0x0000000083000000, 0x0000000083000000, 0x0000000083100000|  0%| F|  |TAMS 0x0000000083000000, 0x0000000083000000| Untracked 
|  31|0x0000000083100000, 0x0000000083100000, 0x0000000083200000|  0%| F|  |TAMS 0x0000000083100000, 0x0000000083100000| Untracked 
|  32|0x0000000083200000, 0x0000000083200000, 0x0000000083300000|  0%| F|  |TAMS 0x0000000083200000, 0x0000000083200000| Untracked 
|  33|0x0000000083300000, 0x0000000083300000, 0x0000000083400000|  0%| F|  |TAMS 0x0000000083300000, 0x0000000083300000| Untracked 
|  34|0x0000000083400000, 0x0000000083400000, 0x0000000083500000|  0%| F|  |TAMS 0x0000000083400000, 0x0000000083400000| Untracked 
|  35|0x0000000083500000, 0x0000000083500000, 0x0000000083600000|  0%| F|  |TAMS 0x0000000083500000, 0x0000000083500000| Untracked 
|  36|0x0000000083600000, 0x0000000083600000, 0x0000000083700000|  0%| F|  |TAMS 0x0000000083600000, 0x0000000083600000| Untracked 
|  37|0x0000000083700000, 0x0000000083700000, 0x0000000083800000|  0%| F|  |TAMS 0x0000000083700000, 0x0000000083700000| Untracked 
|  38|0x0000000083800000, 0x0000000083800000, 0x0000000083900000|  0%| F|  |TAMS 0x0000000083800000, 0x0000000083800000| Untracked 
|  39|0x0000000083900000, 0x0000000083900000, 0x0000000083a00000|  0%| F|  |TAMS 0x0000000083900000, 0x0000000083900000| Untracked 
|  40|0x0000000083a00000, 0x0000000083a00000, 0x0000000083b00000|  0%| F|  |TAMS 0x0000000083a00000, 0x0000000083a00000| Untracked 
|  41|0x0000000083b00000, 0x0000000083b00000, 0x0000000083c00000|  0%| F|  |TAMS 0x0000000083b00000, 0x0000000083b00000| Untracked 
|  42|0x0000000083c00000, 0x0000000083c00000, 0x0000000083d00000|  0%| F|  |TAMS 0x0000000083c00000, 0x0000000083c00000| Untracked 
|  43|0x0000000083d00000, 0x0000000083d00000, 0x0000000083e00000|  0%| F|  |TAMS 0x0000000083d00000, 0x0000000083d00000| Untracked 
|  44|0x0000000083e00000, 0x0000000083e00000, 0x0000000083f00000|  0%| F|  |TAMS 0x0000000083e00000, 0x0000000083e00000| Untracked 
|  45|0x0000000083f00000, 0x0000000083f00000, 0x0000000084000000|  0%| F|  |TAMS 0x0000000083f00000, 0x0000000083f00000| Untracked 
|  46|0x0000000084000000, 0x0000000084000000, 0x0000000084100000|  0%| F|  |TAMS 0x0000000084000000, 0x0000000084000000| Untracked 
|  47|0x0000000084100000, 0x0000000084100000, 0x0000000084200000|  0%| F|  |TAMS 0x0000000084100000, 0x0000000084100000| Untracked 
|  48|0x0000000084200000, 0x0000000084200000, 0x0000000084300000|  0%| F|  |TAMS 0x0000000084200000, 0x0000000084200000| Untracked 
|  49|0x0000000084300000, 0x0000000084300000, 0x0000000084400000|  0%| F|  |TAMS 0x0000000084300000, 0x0000000084300000| Untracked 
|  50|0x0000000084400000, 0x0000000084400000, 0x0000000084500000|  0%| F|  |TAMS 0x0000000084400000, 0x0000000084400000| Untracked 
|  51|0x0000000084500000, 0x0000000084500000, 0x0000000084600000|  0%| F|  |TAMS 0x0000000084500000, 0x0000000084500000| Untracked 
|  52|0x0000000084600000, 0x0000000084600000, 0x0000000084700000|  0%| F|  |TAMS 0x0000000084600000, 0x0000000084600000| Untracked 
|  53|0x0000000084700000, 0x0000000084700000, 0x0000000084800000|  0%| F|  |TAMS 0x0000000084700000, 0x0000000084700000| Untracked 
|  54|0x0000000084800000, 0x0000000084800000, 0x0000000084900000|  0%| F|  |TAMS 0x0000000084800000, 0x0000000084800000| Untracked 
|  55|0x0000000084900000, 0x0000000084900000, 0x0000000084a00000|  0%| F|  |TAMS 0x0000000084900000, 0x0000000084900000| Untracked 
|  56|0x0000000084a00000, 0x0000000084a00000, 0x0000000084b00000|  0%| F|  |TAMS 0x0000000084a00000, 0x0000000084a00000| Untracked 
|  57|0x0000000084b00000, 0x0000000084b00000, 0x0000000084c00000|  0%| F|  |TAMS 0x0000000084b00000, 0x0000000084b00000| Untracked 
|  58|0x0000000084c00000, 0x0000000084c00000, 0x0000000084d00000|  0%| F|  |TAMS 0x0000000084c00000, 0x0000000084c00000| Untracked 
|  59|0x0000000084d00000, 0x0000000084d00000, 0x0000000084e00000|  0%| F|  |TAMS 0x0000000084d00000, 0x0000000084d00000| Untracked 
|  60|0x0000000084e00000, 0x0000000084e00000, 0x0000000084f00000|  0%| F|  |TAMS 0x0000000084e00000, 0x0000000084e00000| Untracked 
|  61|0x0000000084f00000, 0x0000000084f00000, 0x0000000085000000|  0%| F|  |TAMS 0x0000000084f00000, 0x0000000084f00000| Untracked 
|  62|0x0000000085000000, 0x0000000085000000, 0x0000000085100000|  0%| F|  |TAMS 0x0000000085000000, 0x0000000085000000| Untracked 
|  63|0x0000000085100000, 0x0000000085100000, 0x0000000085200000|  0%| F|  |TAMS 0x0000000085100000, 0x0000000085100000| Untracked 
|  64|0x0000000085200000, 0x0000000085200000, 0x0000000085300000|  0%| F|  |TAMS 0x0000000085200000, 0x0000000085200000| Untracked 
|  65|0x0000000085300000, 0x0000000085300000, 0x0000000085400000|  0%| F|  |TAMS 0x0000000085300000, 0x0000000085300000| Untracked 
|  66|0x0000000085400000, 0x0000000085400000, 0x0000000085500000|  0%| F|  |TAMS 0x0000000085400000, 0x0000000085400000| Untracked 
|  67|0x0000000085500000, 0x0000000085500000, 0x0000000085600000|  0%| F|  |TAMS 0x0000000085500000, 0x0000000085500000| Untracked 
|  68|0x0000000085600000, 0x0000000085600000, 0x0000000085700000|  0%| F|  |TAMS 0x0000000085600000, 0x0000000085600000| Untracked 
|  69|0x0000000085700000, 0x0000000085700000, 0x0000000085800000|  0%| F|  |TAMS 0x0000000085700000, 0x0000000085700000| Untracked 
|  70|0x0000000085800000, 0x0000000085800000, 0x0000000085900000|  0%| F|  |TAMS 0x0000000085800000, 0x0000000085800000| Untracked 
|  71|0x0000000085900000, 0x0000000085900000, 0x0000000085a00000|  0%| F|  |TAMS 0x0000000085900000, 0x0000000085900000| Untracked 
|  72|0x0000000085a00000, 0x0000000085a00000, 0x0000000085b00000|  0%| F|  |TAMS 0x0000000085a00000, 0x0000000085a00000| Untracked 
|  73|0x0000000085b00000, 0x0000000085b00000, 0x0000000085c00000|  0%| F|  |TAMS 0x0000000085b00000, 0x0000000085b00000| Untracked 
|  74|0x0000000085c00000, 0x0000000085c00000, 0x0000000085d00000|  0%| F|  |TAMS 0x0000000085c00000, 0x0000000085c00000| Untracked 
|  75|0x0000000085d00000, 0x0000000085d00000, 0x0000000085e00000|  0%| F|  |TAMS 0x0000000085d00000, 0x0000000085d00000| Untracked 
|  76|0x0000000085e00000, 0x0000000085e00000, 0x0000000085f00000|  0%| F|  |TAMS 0x0000000085e00000, 0x0000000085e00000| Untracked 
|  77|0x0000000085f00000, 0x0000000085f00000, 0x0000000086000000|  0%| F|  |TAMS 0x0000000085f00000, 0x0000000085f00000| Untracked 
|  78|0x0000000086000000, 0x0000000086000000, 0x0000000086100000|  0%| F|  |TAMS 0x0000000086000000, 0x0000000086000000| Untracked 
|  79|0x0000000086100000, 0x0000000086100000, 0x0000000086200000|  0%| F|  |TAMS 0x0000000086100000, 0x0000000086100000| Untracked 
|  80|0x0000000086200000, 0x0000000086200000, 0x0000000086300000|  0%| F|  |TAMS 0x0000000086200000, 0x0000000086200000| Untracked 
|  81|0x0000000086300000, 0x0000000086300000, 0x0000000086400000|  0%| F|  |TAMS 0x0000000086300000, 0x0000000086300000| Untracked 
|  82|0x0000000086400000, 0x0000000086400000, 0x0000000086500000|  0%| F|  |TAMS 0x0000000086400000, 0x0000000086400000| Untracked 
|  83|0x0000000086500000, 0x0000000086500000, 0x0000000086600000|  0%| F|  |TAMS 0x0000000086500000, 0x0000000086500000| Untracked 
|  84|0x0000000086600000, 0x0000000086600000, 0x0000000086700000|  0%| F|  |TAMS 0x0000000086600000, 0x0000000086600000| Untracked 
|  85|0x0000000086700000, 0x0000000086700000, 0x0000000086800000|  0%| F|  |TAMS 0x0000000086700000, 0x0000000086700000| Untracked 
|  86|0x0000000086800000, 0x0000000086800000, 0x0000000086900000|  0%| F|  |TAMS 0x0000000086800000, 0x0000000086800000| Untracked 
|  87|0x0000000086900000, 0x0000000086900000, 0x0000000086a00000|  0%| F|  |TAMS 0x0000000086900000, 0x0000000086900000| Untracked 
|  88|0x0000000086a00000, 0x0000000086a00000, 0x0000000086b00000|  0%| F|  |TAMS 0x0000000086a00000, 0x0000000086a00000| Untracked 
|  89|0x0000000086b00000, 0x0000000086b00000, 0x0000000086c00000|  0%| F|  |TAMS 0x0000000086b00000, 0x0000000086b00000| Untracked 
|  90|0x0000000086c00000, 0x0000000086c00000, 0x0000000086d00000|  0%| F|  |TAMS 0x0000000086c00000, 0x0000000086c00000| Untracked 
|  91|0x0000000086d00000, 0x0000000086d00000, 0x0000000086e00000|  0%| F|  |TAMS 0x0000000086d00000, 0x0000000086d00000| Untracked 
|  92|0x0000000086e00000, 0x0000000086e00000, 0x0000000086f00000|  0%| F|  |TAMS 0x0000000086e00000, 0x0000000086e00000| Untracked 
|  93|0x0000000086f00000, 0x0000000086f00000, 0x0000000087000000|  0%| F|  |TAMS 0x0000000086f00000, 0x0000000086f00000| Untracked 
|  94|0x0000000087000000, 0x0000000087000000, 0x0000000087100000|  0%| F|  |TAMS 0x0000000087000000, 0x0000000087000000| Untracked 
|  95|0x0000000087100000, 0x0000000087100000, 0x0000000087200000|  0%| F|  |TAMS 0x0000000087100000, 0x0000000087100000| Untracked 
|  96|0x0000000087200000, 0x0000000087200000, 0x0000000087300000|  0%| F|  |TAMS 0x0000000087200000, 0x0000000087200000| Untracked 
|  97|0x0000000087300000, 0x0000000087300000, 0x0000000087400000|  0%| F|  |TAMS 0x0000000087300000, 0x0000000087300000| Untracked 
|  98|0x0000000087400000, 0x0000000087400000, 0x0000000087500000|  0%| F|  |TAMS 0x0000000087400000, 0x0000000087400000| Untracked 
|  99|0x0000000087500000, 0x0000000087500000, 0x0000000087600000|  0%| F|  |TAMS 0x0000000087500000, 0x0000000087500000| Untracked 
| 100|0x0000000087600000, 0x0000000087600000, 0x0000000087700000|  0%| F|  |TAMS 0x0000000087600000, 0x0000000087600000| Untracked 
| 101|0x0000000087700000, 0x0000000087700000, 0x0000000087800000|  0%| F|  |TAMS 0x0000000087700000, 0x0000000087700000| Untracked 
| 102|0x0000000087800000, 0x0000000087900000, 0x0000000087900000|100%| S|CS|TAMS 0x0000000087800000, 0x0000000087800000| Complete 
| 103|0x0000000087900000, 0x0000000087a00000, 0x0000000087a00000|100%| S|CS|TAMS 0x0000000087900000, 0x0000000087900000| Complete 
| 104|0x0000000087a00000, 0x0000000087b00000, 0x0000000087b00000|100%| S|CS|TAMS 0x0000000087a00000, 0x0000000087a00000| Complete 
| 105|0x0000000087b00000, 0x0000000087b00000, 0x0000000087c00000|  0%| F|  |TAMS 0x0000000087b00000, 0x0000000087b00000| Untracked 
| 106|0x0000000087c00000, 0x0000000087c00000, 0x0000000087d00000|  0%| F|  |TAMS 0x0000000087c00000, 0x0000000087c00000| Untracked 
| 107|0x0000000087d00000, 0x0000000087d00000, 0x0000000087e00000|  0%| F|  |TAMS 0x0000000087d00000, 0x0000000087d00000| Untracked 
| 108|0x0000000087e00000, 0x0000000087e00000, 0x0000000087f00000|  0%| F|  |TAMS 0x0000000087e00000, 0x0000000087e00000| Untracked 
| 109|0x0000000087f00000, 0x0000000087f00000, 0x0000000088000000|  0%| F|  |TAMS 0x0000000087f00000, 0x0000000087f00000| Untracked 
| 110|0x0000000088000000, 0x0000000088000000, 0x0000000088100000|  0%| F|  |TAMS 0x0000000088000000, 0x0000000088000000| Untracked 
| 111|0x0000000088100000, 0x0000000088100000, 0x0000000088200000|  0%| F|  |TAMS 0x0000000088100000, 0x0000000088100000| Untracked 
| 112|0x0000000088200000, 0x0000000088200000, 0x0000000088300000|  0%| F|  |TAMS 0x0000000088200000, 0x0000000088200000| Untracked 
| 113|0x0000000088300000, 0x0000000088300000, 0x0000000088400000|  0%| F|  |TAMS 0x0000000088300000, 0x0000000088300000| Untracked 
| 114|0x0000000088400000, 0x0000000088400000, 0x0000000088500000|  0%| F|  |TAMS 0x0000000088400000, 0x0000000088400000| Untracked 
| 115|0x0000000088500000, 0x0000000088500000, 0x0000000088600000|  0%| F|  |TAMS 0x0000000088500000, 0x0000000088500000| Untracked 
| 116|0x0000000088600000, 0x0000000088600000, 0x0000000088700000|  0%| F|  |TAMS 0x0000000088600000, 0x0000000088600000| Untracked 
| 117|0x0000000088700000, 0x0000000088700000, 0x0000000088800000|  0%| F|  |TAMS 0x0000000088700000, 0x0000000088700000| Untracked 
| 118|0x0000000088800000, 0x0000000088800000, 0x0000000088900000|  0%| F|  |TAMS 0x0000000088800000, 0x0000000088800000| Untracked 
| 119|0x0000000088900000, 0x0000000088900000, 0x0000000088a00000|  0%| F|  |TAMS 0x0000000088900000, 0x0000000088900000| Untracked 
| 120|0x0000000088a00000, 0x0000000088a00000, 0x0000000088b00000|  0%| F|  |TAMS 0x0000000088a00000, 0x0000000088a00000| Untracked 
| 121|0x0000000088b00000, 0x0000000088b00000, 0x0000000088c00000|  0%| F|  |TAMS 0x0000000088b00000, 0x0000000088b00000| Untracked 
| 122|0x0000000088c00000, 0x0000000088cb16a8, 0x0000000088d00000| 69%| E|  |TAMS 0x0000000088c00000, 0x0000000088c00000| Complete 
| 123|0x0000000088d00000, 0x0000000088e00000, 0x0000000088e00000|100%| E|CS|TAMS 0x0000000088d00000, 0x0000000088d00000| Complete 
| 124|0x0000000088e00000, 0x0000000088f00000, 0x0000000088f00000|100%| E|CS|TAMS 0x0000000088e00000, 0x0000000088e00000| Complete 
| 125|0x0000000088f00000, 0x0000000089000000, 0x0000000089000000|100%| E|CS|TAMS 0x0000000088f00000, 0x0000000088f00000| Complete 
| 126|0x0000000089000000, 0x0000000089100000, 0x0000000089100000|100%| E|CS|TAMS 0x0000000089000000, 0x0000000089000000| Complete 
| 127|0x0000000089100000, 0x0000000089200000, 0x0000000089200000|100%| E|CS|TAMS 0x0000000089100000, 0x0000000089100000| Complete 

Card table byte_map: [0x000002cc9bf40000,0x000002cc9c340000] _byte_map_base: 0x000002cc9bb37000

Marking Bits (Prev, Next): (CMBitMap*) 0x000002cc8503f010, (CMBitMap*) 0x000002cc8503f050
 Prev Bits: [0x000002cc9c740000, 0x000002cc9e6f8000)
 Next Bits: [0x000002cc9e700000, 0x000002cca06b8000)

Polling page: 0x000002cc82f50000

Metaspace:

Usage:
  Non-class:     13.03 MB used.
      Class:      1.61 MB used.
       Both:     14.64 MB used.

Virtual space:
  Non-class space:       16.00 MB reserved,      13.12 MB ( 82%) committed,  2 nodes.
      Class space:        1.00 GB reserved,       1.75 MB ( <1%) committed,  1 nodes.
             Both:        1.02 GB reserved,      14.88 MB (  1%) committed. 

Chunk freelists:
   Non-Class:  2.26 MB
       Class:  2.18 MB
        Both:  4.45 MB

MaxMetaspaceSize: unlimited
CompressedClassSpaceSize: 1.00 GB
Initial GC threshold: 21.00 MB
Current GC threshold: 21.00 MB
CDS: on
MetaspaceReclaimPolicy: balanced
 - commit_granule_bytes: 65536.
 - commit_granule_words: 8192.
 - virtual_space_node_default_size: 1048576.
 - enlarge_chunks_in_place: 1.
 - new_chunks_are_fully_committed: 0.
 - uncommit_free_chunks: 1.
 - use_allocation_guard: 0.
 - handle_deallocations: 1.


Internal statistics:

num_allocs_failed_limit: 0.
num_arena_births: 134.
num_arena_deaths: 0.
num_vsnodes_births: 3.
num_vsnodes_deaths: 0.
num_space_committed: 238.
num_space_uncommitted: 0.
num_chunks_returned_to_freelist: 0.
num_chunks_taken_from_freelist: 289.
num_chunk_merges: 0.
num_chunk_splits: 186.
num_chunks_enlarged: 125.
num_purges: 0.
num_inconsistent_stats: 0.

CodeHeap 'non-profiled nmethods': size=120000Kb used=1120Kb max_used=1120Kb free=118880Kb
 bounds [0x000002cc942e0000, 0x000002cc94550000, 0x000002cc9b810000]
CodeHeap 'profiled nmethods': size=120000Kb used=4374Kb max_used=4374Kb free=115625Kb
 bounds [0x000002cc8cdb0000, 0x000002cc8d200000, 0x000002cc942e0000]
CodeHeap 'non-nmethods': size=5760Kb used=1424Kb max_used=1479Kb free=4335Kb
 bounds [0x000002cc8c810000, 0x000002cc8ca80000, 0x000002cc8cdb0000]
 total_blobs=2911 nmethods=2206 adapters=617
 compilation: enabled
              stopped_count=0, restarted_count=0
 full_count=0

Compilation events (20 events):
Event: 36.445 Thread 0x000002cca30c3af0 2193       4       jdk.internal.misc.Unsafe::putReferenceOpaque (9 bytes)
Event: 36.447 Thread 0x000002cca30c3af0 nmethod 2193 0x000002cc943f6810 code [0x000002cc943f6980, 0x000002cc943f6ad8]
Event: 36.793 Thread 0x000002cca30cdfd0 2199       3       sun.awt.windows.WComponentPeer::handleJavaMouseEvent (75 bytes)
Event: 36.794 Thread 0x000002cca30cdfd0 nmethod 2199 0x000002cc8d1f1410 code [0x000002cc8d1f16a0, 0x000002cc8d1f25f8]
Event: 36.940 Thread 0x000002cca30cdfd0 2200       3       javax.swing.text.AbstractDocument$BranchElement::getElement (17 bytes)
Event: 36.940 Thread 0x000002cca30cdfd0 nmethod 2200 0x000002cc8d1f2b10 code [0x000002cc8d1f2cc0, 0x000002cc8d1f2e78]
Event: 36.953 Thread 0x000002cca30cdfd0 2201       3       java.awt.Container::processEvent (22 bytes)
Event: 36.953 Thread 0x000002cca30cdfd0 nmethod 2201 0x000002cc8d1f2f90 code [0x000002cc8d1f3160, 0x000002cc8d1f35d8]
Event: 36.953 Thread 0x000002cca30cdfd0 2202       3       java.awt.Component::processEvent (220 bytes)
Event: 36.953 Thread 0x000002cca30cdfd0 nmethod 2202 0x000002cc8d1f3710 code [0x000002cc8d1f3a00, 0x000002cc8d1f56c8]
Event: 37.001 Thread 0x000002cca30c3af0 2203       4       java.security.AccessControlContext::optimize (319 bytes)
Event: 37.004 Thread 0x000002cca30c3af0 nmethod 2203 0x000002cc943f6b90 code [0x000002cc943f6d20, 0x000002cc943f7088]
Event: 37.441 Thread 0x000002cca30cdfd0 2204       1       java.awt.Font::getSize2D (5 bytes)
Event: 37.441 Thread 0x000002cca30c3af0 2207       4       javax.swing.plaf.basic.BasicTextUI$RootView::getContainer (8 bytes)
Event: 37.441 Thread 0x000002cca30cdfd0 nmethod 2204 0x000002cc943f7410 code [0x000002cc943f75a0, 0x000002cc943f7678]
Event: 37.441 Thread 0x000002cca30cdfd0 2205       1       java.awt.Font::isTransformed (5 bytes)
Event: 37.441 Thread 0x000002cca30cdfd0 nmethod 2205 0x000002cc943f7710 code [0x000002cc943f78a0, 0x000002cc943f7978]
Event: 37.441 Thread 0x000002cca30cdfd0 2206       1       java.awt.Font::getStyle (5 bytes)
Event: 37.441 Thread 0x000002cca30cdfd0 nmethod 2206 0x000002cc943f7a10 code [0x000002cc943f7ba0, 0x000002cc943f7c78]
Event: 37.442 Thread 0x000002cca30c3af0 nmethod 2207 0x000002cc943f7d10 code [0x000002cc943f7e80, 0x000002cc943f7f18]

GC Heap History (2 events):
Event: 17.726 GC heap before
{Heap before GC invocations=0 (full 0):
 garbage-first heap   total 131072K, used 23552K [0x0000000081200000, 0x0000000100000000)
  region size 1024K, 23 young (23552K), 0 survivors (0K)
 Metaspace       used 14754K, committed 15040K, reserved 1064960K
  class space    used 1624K, committed 1792K, reserved 1048576K
}
Event: 17.732 GC heap after
{Heap after GC invocations=1 (full 0):
 garbage-first heap   total 131072K, used 6073K [0x0000000081200000, 0x0000000100000000)
  region size 1024K, 3 young (3072K), 3 survivors (3072K)
 Metaspace       used 14754K, committed 15040K, reserved 1064960K
  class space    used 1624K, committed 1792K, reserved 1048576K
}

Deoptimization events (20 events):
Event: 18.417 Thread 0x000002cca3fe18f0 Uncommon trap: trap_request=0xffffff45 fr.pc=0x000002cc94364ee8 relative=0x0000000000000448
Event: 18.417 Thread 0x000002cca3fe18f0 Uncommon trap: reason=unstable_if action=reinterpret pc=0x000002cc94364ee8 method=java.lang.StringLatin1.canEncode(I)Z @ 4 c2
Event: 18.417 Thread 0x000002cca3fe18f0 DEOPT PACKING pc=0x000002cc94364ee8 sp=0x000000f7788fddc0
Event: 18.417 Thread 0x000002cca3fe18f0 DEOPT UNPACKING pc=0x000002cc8c8623a3 sp=0x000000f7788fdd08 mode 2
Event: 18.417 Thread 0x000002cca3fe18f0 Uncommon trap: trap_request=0xffffff45 fr.pc=0x000002cc9436592c relative=0x000000000000040c
Event: 18.417 Thread 0x000002cca3fe18f0 Uncommon trap: reason=unstable_if action=reinterpret pc=0x000002cc9436592c method=java.lang.AbstractStringBuilder.isLatin1()Z @ 10 c2
Event: 18.417 Thread 0x000002cca3fe18f0 DEOPT PACKING pc=0x000002cc9436592c sp=0x000000f7788fddd0
Event: 18.417 Thread 0x000002cca3fe18f0 DEOPT UNPACKING pc=0x000002cc8c8623a3 sp=0x000000f7788fdd70 mode 2
Event: 18.419 Thread 0x000002cca3fe18f0 Uncommon trap: trap_request=0xffffff45 fr.pc=0x000002cc94372448 relative=0x0000000000000048
Event: 18.419 Thread 0x000002cca3fe18f0 Uncommon trap: reason=unstable_if action=reinterpret pc=0x000002cc94372448 method=java.lang.CharacterData.of(I)Ljava/lang/CharacterData; @ 4 c2
Event: 18.419 Thread 0x000002cca3fe18f0 DEOPT PACKING pc=0x000002cc94372448 sp=0x000000f7788fd590
Event: 18.419 Thread 0x000002cca3fe18f0 DEOPT UNPACKING pc=0x000002cc8c8623a3 sp=0x000000f7788fd530 mode 2
Event: 18.420 Thread 0x000002cca3fe18f0 DEOPT PACKING pc=0x000002cc8ce6bc3e sp=0x000000f7788fc820
Event: 18.420 Thread 0x000002cca3fe18f0 DEOPT UNPACKING pc=0x000002cc8c862b43 sp=0x000000f7788fbcc0 mode 0
Event: 20.524 Thread 0x000002cca3fe18f0 DEOPT PACKING pc=0x000002cc8d16efcf sp=0x000000f7788fd0e0
Event: 20.524 Thread 0x000002cca3fe18f0 DEOPT UNPACKING pc=0x000002cc8c862b43 sp=0x000000f7788fc548 mode 0
Event: 21.880 Thread 0x000002cca3fe18f0 Uncommon trap: trap_request=0xffffff45 fr.pc=0x000002cc943517c0 relative=0x00000000000000c0
Event: 21.880 Thread 0x000002cca3fe18f0 Uncommon trap: reason=unstable_if action=reinterpret pc=0x000002cc943517c0 method=java.awt.Component.inside(II)Z @ 1 c2
Event: 21.880 Thread 0x000002cca3fe18f0 DEOPT PACKING pc=0x000002cc943517c0 sp=0x000000f7788fe620
Event: 21.881 Thread 0x000002cca3fe18f0 DEOPT UNPACKING pc=0x000002cc8c8623a3 sp=0x000000f7788fe4e0 mode 2

Classes unloaded (0 events):
No events

Classes redefined (0 events):
No events

Internal exceptions (20 events):
Event: 2.041 Thread 0x000002cc84fffae0 Exception <a 'java/lang/ClassNotFoundException'{0x0000000088c080a8}: RootPane> (0x0000000088c080a8) 
thrown [t:\workspace\open\src\hotspot\share\classfile\systemDictionary.cpp, line 256]
Event: 2.042 Thread 0x000002cc84fffae0 Exception <a 'java/lang/ClassNotFoundException'{0x0000000088c0aef8}: com/sun/swing/internal/plaf/metal/resources/spi/metalProvider> (0x0000000088c0aef8) 
thrown [t:\workspace\open\src\hotspot\share\classfile\systemDictionary.cpp, line 256]
Event: 2.043 Thread 0x000002cc84fffae0 Exception <a 'java/lang/ClassNotFoundException'{0x0000000088c0eaf8}: com/sun/swing/internal/plaf/basic/resources/spi/basicProvider> (0x0000000088c0eaf8) 
thrown [t:\workspace\open\src\hotspot\share\classfile\systemDictionary.cpp, line 256]
Event: 2.377 Thread 0x000002cca3fe18f0 Exception <a 'java/lang/ClassNotFoundException'{0x0000000088c8cd38}: com/sun/swing/internal/plaf/synth/resources/spi/synthProvider> (0x0000000088c8cd38) 
thrown [t:\workspace\open\src\hotspot\share\classfile\systemDictionary.cpp, line 256]
Event: 2.453 Thread 0x000002cca3f12100 Exception <a 'java/lang/NoSuchMethodError'{0x0000000088e85ae0}: 'void java.lang.invoke.DirectMethodHandle$Holder.invokeVirtual(java.lang.Object, java.lang.Object)'> (0x0000000088e85ae0) 
thrown [t:\workspace\open\src\hotspot\share\interpreter\linkResolver.cpp, line 766]
Event: 2.464 Thread 0x000002cca3fe18f0 Exception <a 'java/lang/NoSuchMethodError'{0x0000000088b42c68}: 'void java.lang.invoke.DirectMethodHandle$Holder.invokeStaticInit(java.lang.Object)'> (0x0000000088b42c68) 
thrown [t:\workspace\open\src\hotspot\share\interpreter\linkResolver.cpp, line 766]
Event: 8.921 Thread 0x000002cca3fe18f0 Exception <a 'java/lang/NoSuchMethodError'{0x0000000088552880}: 'java.lang.Object java.lang.invoke.DirectMethodHandle$Holder.invokeInterface(java.lang.Object, java.lang.Object)'> (0x0000000088552880) 
thrown [t:\workspace\open\src\hotspot\share\interpreter\linkResolver.cpp, line 766]
Event: 8.941 Thread 0x000002cca3fe18f0 Exception <a 'java/lang/NoSuchMethodError'{0x00000000885d02c8}: 'void java.lang.invoke.DirectMethodHandle$Holder.invokeStatic(java.lang.Object, java.lang.Object, java.lang.Object)'> (0x00000000885d02c8) 
thrown [t:\workspace\open\src\hotspot\share\interpreter\linkResolver.cpp, line 766]
Event: 8.944 Thread 0x000002cca3fe18f0 Exception <a 'java/lang/NoSuchMethodError'{0x00000000885da440}: 'java.lang.Object java.lang.invoke.DirectMethodHandle$Holder.invokeVirtual(java.lang.Object, java.lang.Object, java.lang.Object)'> (0x00000000885da440) 
thrown [t:\workspace\open\src\hotspot\share\interpreter\linkResolver.cpp, line 766]
Event: 9.027 Thread 0x000002cca3fe18f0 Exception <a 'java/lang/NoSuchMethodError'{0x00000000882fa098}: 'void java.lang.invoke.DirectMethodHandle$Holder.invokeStatic(java.lang.Object, java.lang.Object)'> (0x00000000882fa098) 
thrown [t:\workspace\open\src\hotspot\share\interpreter\linkResolver.cpp, line 766]
Event: 9.189 Thread 0x000002cca3fe18f0 Implicit null exception at 0x000002cc94354300 to 0x000002cc94354885
Event: 9.189 Thread 0x000002cca3fe18f0 Implicit null exception at 0x000002cc94352d48 to 0x000002cc94353428
Event: 9.189 Thread 0x000002cca3fe18f0 Implicit null exception at 0x000002cc94354300 to 0x000002cc94354885
Event: 9.189 Thread 0x000002cca3fe18f0 Implicit null exception at 0x000002cc94352d48 to 0x000002cc94353428
Event: 9.189 Thread 0x000002cca3fe18f0 Implicit null exception at 0x000002cc94354300 to 0x000002cc94354885
Event: 15.924 Thread 0x000002cca3fe18f0 Exception <a 'java/lang/NoSuchMethodError'{0x0000000087cfbf58}: 'int java.lang.invoke.DirectMethodHandle$Holder.invokeStatic(java.lang.Object)'> (0x0000000087cfbf58) 
thrown [t:\workspace\open\src\hotspot\share\interpreter\linkResolver.cpp, line 766]
Event: 18.509 Thread 0x000002cca3fe18f0 Exception <a 'java/lang/NoSuchMethodError'{0x0000000088f5ff68}: 'void java.lang.invoke.DirectMethodHandle$Holder.invokeStaticInit(java.lang.Object, java.lang.Object)'> (0x0000000088f5ff68) 
thrown [t:\workspace\open\src\hotspot\share\interpreter\linkResolver.cpp, line 766]
Event: 37.673 Thread 0x000002cca3d48600 Exception <a 'java/io/IOException'{0x0000000088f002c0}> (0x0000000088f002c0) 
thrown [t:\workspace\open\src\hotspot\share\prims\jni.cpp, line 516]
Event: 37.673 Thread 0x000002cca3fe18f0 JVM_StopThread thread JavaThread 0x000002cca3d48600 as oop 0x00000000890e20f8 [exception 0x000000f7788fe648]
Event: 37.673 Thread 0x000002cca3d48600 Exception <a 'java/lang/ThreadDeath'{0x0000000088c55c30}> (0x0000000088c55c30) 
thrown [t:\workspace\open\src\hotspot\share\prims\jni.cpp, line 516]

VM Operations (20 events):
Event: 19.420 Executing VM operation: Cleanup
Event: 19.420 Executing VM operation: Cleanup done
Event: 21.420 Executing VM operation: Cleanup
Event: 21.420 Executing VM operation: Cleanup done
Event: 22.420 Executing VM operation: Cleanup
Event: 22.420 Executing VM operation: Cleanup done
Event: 23.421 Executing VM operation: Cleanup
Event: 23.421 Executing VM operation: Cleanup done
Event: 29.423 Executing VM operation: Cleanup
Event: 29.424 Executing VM operation: Cleanup done
Event: 31.425 Executing VM operation: Cleanup
Event: 31.425 Executing VM operation: Cleanup done
Event: 33.426 Executing VM operation: Cleanup
Event: 33.426 Executing VM operation: Cleanup done
Event: 35.427 Executing VM operation: Cleanup
Event: 35.427 Executing VM operation: Cleanup done
Event: 37.428 Executing VM operation: Cleanup
Event: 37.428 Executing VM operation: Cleanup done
Event: 37.673 Executing VM operation: get/set locals
Event: 37.673 Executing VM operation: get/set locals done

Events (20 events):
Event: 18.508 loading class java/security/Key
Event: 18.508 loading class java/security/Key done
Event: 18.508 loading class java/security/spec/InvalidKeySpecException
Event: 18.508 loading class java/security/spec/InvalidKeySpecException done
Event: 18.508 loading class java/security/spec/KeySpec
Event: 18.508 loading class java/security/spec/KeySpec done
Event: 28.732 loading class sun/awt/windows/WInputMethod$1
Event: 28.732 loading class sun/awt/windows/WInputMethod$1 done
Event: 28.733 loading class java/awt/font/TextHitInfo
Event: 28.733 loading class java/awt/font/TextHitInfo done
Event: 37.673 loading class java/net/SocketTimeoutException
Event: 37.673 loading class java/io/InterruptedIOException
Event: 37.673 loading class java/io/InterruptedIOException done
Event: 37.673 loading class java/net/SocketTimeoutException done
Event: 37.673 loading class sun/net/ConnectionResetException
Event: 37.673 loading class sun/net/ConnectionResetException done
Event: 37.674 Thread 0x000002cca3d4a7b0 Thread added: 0x000002cca3d4a7b0
Event: 37.674 Thread 0x000002cca3d4b620 Thread added: 0x000002cca3d4b620
Event: 37.674 Thread 0x000002cca3d4a7b0 Thread exited: 0x000002cca3d4a7b0
Event: 37.691 Thread 0x000002cca3f12100 Thread exited: 0x000002cca3f12100


Dynamic libraries:
0x00007ff623f80000 - 0x00007ff623f90000 	C:\Program Files\Java\jdk-17.0.1\bin\java.exe
0x00007ffbc07b0000 - 0x00007ffbc09a5000 	C:\WINDOWS\SYSTEM32\ntdll.dll
0x00007ffbbef40000 - 0x00007ffbbeffe000 	C:\WINDOWS\System32\KERNEL32.DLL
0x00007ffbbe4d0000 - 0x00007ffbbe798000 	C:\WINDOWS\System32\KERNELBASE.dll
0x00007ffbbe1d0000 - 0x00007ffbbe2d0000 	C:\WINDOWS\System32\ucrtbase.dll
0x00007ffb84d30000 - 0x00007ffb84d4a000 	C:\Program Files\Java\jdk-17.0.1\bin\VCRUNTIME140.dll
0x00007ffbaf400000 - 0x00007ffbaf418000 	C:\Program Files\Java\jdk-17.0.1\bin\jli.dll
0x00007ffbbfff0000 - 0x00007ffbc009c000 	C:\WINDOWS\System32\ADVAPI32.dll
0x00007ffbbecf0000 - 0x00007ffbbed8e000 	C:\WINDOWS\System32\msvcrt.dll
0x00007ffbbeba0000 - 0x00007ffbbec3b000 	C:\WINDOWS\System32\sechost.dll
0x00007ffbbe880000 - 0x00007ffbbe9aa000 	C:\WINDOWS\System32\RPCRT4.dll
0x00007ffbbed90000 - 0x00007ffbbef31000 	C:\WINDOWS\System32\USER32.dll
0x00007ffba7820000 - 0x00007ffba7aba000 	C:\WINDOWS\WinSxS\amd64_microsoft.windows.common-controls_6595b64144ccf1df_6.0.19041.1110_none_60b5254171f9507e\COMCTL32.dll
0x00007ffbbe7d0000 - 0x00007ffbbe7f2000 	C:\WINDOWS\System32\win32u.dll
0x00007ffbc0240000 - 0x00007ffbc026b000 	C:\WINDOWS\System32\GDI32.dll
0x00007ffbbe2d0000 - 0x00007ffbbe3db000 	C:\WINDOWS\System32\gdi32full.dll
0x00007ffbbdf80000 - 0x00007ffbbe01d000 	C:\WINDOWS\System32\msvcp_win.dll
0x00007ffbb5fa0000 - 0x00007ffbb5faa000 	C:\WINDOWS\SYSTEM32\VERSION.dll
0x00007ffbbfe10000 - 0x00007ffbbfe40000 	C:\WINDOWS\System32\IMM32.DLL
0x00007ffbaa5e0000 - 0x00007ffbaa5ec000 	C:\Program Files\Java\jdk-17.0.1\bin\vcruntime140_1.dll
0x00007ffbaf1f0000 - 0x00007ffbaf27d000 	C:\Program Files\Java\jdk-17.0.1\bin\msvcp140.dll
0x00007ffb55b60000 - 0x00007ffb5671e000 	C:\Program Files\Java\jdk-17.0.1\bin\server\jvm.dll
0x00007ffbc0230000 - 0x00007ffbc0238000 	C:\WINDOWS\System32\PSAPI.DLL
0x00007ffba7b60000 - 0x00007ffba7b87000 	C:\WINDOWS\SYSTEM32\WINMM.dll
0x00007ffba6150000 - 0x00007ffba6159000 	C:\WINDOWS\SYSTEM32\WSOCK32.dll
0x00007ffbbead0000 - 0x00007ffbbeb3b000 	C:\WINDOWS\System32\WS2_32.dll
0x00007ffbbbfb0000 - 0x00007ffbbbfc2000 	C:\WINDOWS\SYSTEM32\kernel.appcore.dll
0x00007ffba9e20000 - 0x00007ffba9e2a000 	C:\Program Files\Java\jdk-17.0.1\bin\jimage.dll
0x00007ffba1230000 - 0x00007ffba1414000 	C:\WINDOWS\SYSTEM32\DBGHELP.DLL
0x00007ffb9fb60000 - 0x00007ffb9fb8c000 	C:\WINDOWS\SYSTEM32\dbgcore.DLL
0x00007ffbbe3e0000 - 0x00007ffbbe463000 	C:\WINDOWS\System32\bcryptPrimitives.dll
0x00007ffbb0910000 - 0x00007ffbb094b000 	C:\Program Files\Java\jdk-17.0.1\bin\jdwp.dll
0x00007ffb7b7c0000 - 0x00007ffb7b7e5000 	C:\Program Files\Java\jdk-17.0.1\bin\java.dll
0x00007ffb625d0000 - 0x00007ffb626a6000 	C:\Program Files\Java\jdk-17.0.1\bin\svml.dll
0x00007ffbbf660000 - 0x00007ffbbfd9f000 	C:\WINDOWS\System32\SHELL32.dll
0x00007ffbbbfd0000 - 0x00007ffbbc760000 	C:\WINDOWS\SYSTEM32\windows.storage.dll
0x00007ffbbf190000 - 0x00007ffbbf4e5000 	C:\WINDOWS\System32\combase.dll
0x00007ffbbd920000 - 0x00007ffbbd94e000 	C:\WINDOWS\SYSTEM32\Wldp.dll
0x00007ffbc0180000 - 0x00007ffbc022d000 	C:\WINDOWS\System32\SHCORE.dll
0x00007ffbbf130000 - 0x00007ffbbf185000 	C:\WINDOWS\System32\shlwapi.dll
0x00007ffbbde10000 - 0x00007ffbbde2f000 	C:\WINDOWS\SYSTEM32\profapi.dll
0x00007ffb7b3d0000 - 0x00007ffb7b3e9000 	C:\Program Files\Java\jdk-17.0.1\bin\net.dll
0x00007ffbafde0000 - 0x00007ffbafeec000 	C:\WINDOWS\SYSTEM32\WINHTTP.dll
0x00007ffbbd610000 - 0x00007ffbbd67a000 	C:\WINDOWS\system32\mswsock.dll
0x00007ffb7b3b0000 - 0x00007ffb7b3c5000 	C:\Program Files\Java\jdk-17.0.1\bin\nio.dll
0x00007ffbb0980000 - 0x00007ffbb098b000 	C:\Program Files\Java\jdk-17.0.1\bin\dt_shmem.dll
0x00007ffb767e0000 - 0x00007ffb767f8000 	C:\Program Files\Java\jdk-17.0.1\bin\zip.dll
0x00007ffb72b20000 - 0x00007ffb72caf000 	C:\Program Files\Java\jdk-17.0.1\bin\awt.dll
0x00007ffbbf4f0000 - 0x00007ffbbf5bd000 	C:\WINDOWS\System32\OLEAUT32.dll
0x00007ffbbb780000 - 0x00007ffbbb810000 	C:\WINDOWS\SYSTEM32\apphelp.dll
0x00007ffbbb830000 - 0x00007ffbbb8ce000 	C:\WINDOWS\system32\uxtheme.dll
0x00007ffbbe9b0000 - 0x00007ffbbeac5000 	C:\WINDOWS\System32\MSCTF.dll
0x00007ffbbf000000 - 0x00007ffbbf12a000 	C:\WINDOWS\System32\ole32.dll
0x00007ffbbba20000 - 0x00007ffbbba4f000 	C:\WINDOWS\system32\DWMAPI.DLL
0x00007ffb7b900000 - 0x00007ffb7b989000 	C:\Program Files\Java\jdk-17.0.1\bin\freetype.dll
0x00007ffb764a0000 - 0x00007ffb76548000 	C:\Program Files\Java\jdk-17.0.1\bin\fontmanager.dll
0x00007ffb8feb0000 - 0x00007ffb8ffd5000 	C:\WINDOWS\system32\opengl32.dll
0x00007ffba9e90000 - 0x00007ffba9ebc000 	C:\WINDOWS\SYSTEM32\GLU32.dll
0x00007ffbbec40000 - 0x00007ffbbece9000 	C:\WINDOWS\System32\clbcatq.dll
0x00007ffbb7320000 - 0x00007ffbb74d4000 	C:\WINDOWS\SYSTEM32\WindowsCodecs.dll
0x00007ffbbe7a0000 - 0x00007ffbbe7c7000 	C:\WINDOWS\System32\bcrypt.dll
0x00007ffbae940000 - 0x00007ffbaea39000 	C:\WINDOWS\SYSTEM32\textinputframework.dll
0x00007ffbbafa0000 - 0x00007ffbbb2fe000 	C:\WINDOWS\System32\CoreUIComponents.dll
0x00007ffbbb300000 - 0x00007ffbbb3f2000 	C:\WINDOWS\System32\CoreMessaging.dll
0x00007ffbbcbc0000 - 0x00007ffbbcbf3000 	C:\WINDOWS\SYSTEM32\ntmarta.dll
0x00007ffbbae10000 - 0x00007ffbbaf64000 	C:\WINDOWS\SYSTEM32\wintypes.dll
0x00007ffbbd2e0000 - 0x00007ffbbd3ab000 	C:\WINDOWS\SYSTEM32\DNSAPI.dll
0x00007ffbbd2a0000 - 0x00007ffbbd2db000 	C:\WINDOWS\SYSTEM32\IPHLPAPI.DLL
0x00007ffbbfe00000 - 0x00007ffbbfe08000 	C:\WINDOWS\System32\NSI.dll
0x00007ffbb7750000 - 0x00007ffbb775a000 	C:\Windows\System32\rasadhlp.dll
0x00007ffbab7e0000 - 0x00007ffbab85f000 	C:\WINDOWS\System32\fwpuclnt.dll
0x00007ffbb6470000 - 0x00007ffbb64ab000 	C:\WINDOWS\SYSTEM32\dxcore.dll
0x00007ffbbe020000 - 0x00007ffbbe06e000 	C:\WINDOWS\System32\cfgmgr32.dll

dbghelp: loaded successfully - version: 4.0.5 - missing functions: none
symbol engine: initialized successfully - sym options: 0x614 - pdb path: .;C:\Program Files\Java\jdk-17.0.1\bin;C:\WINDOWS\SYSTEM32;C:\WINDOWS\WinSxS\amd64_microsoft.windows.common-controls_6595b64144ccf1df_6.0.19041.1110_none_60b5254171f9507e;C:\Program Files\Java\jdk-17.0.1\bin\server

VM Arguments:
jvm_args: -Dfile.encoding=UTF-8 -agentlib:jdwp=transport=dt_shmem,address=javadebug --module-path=C:\Users\BVCN 88\Documents\NetBeansProjects\MultiChat\build\classes 
java_command: viewclient.LoginFrm
java_class_path (initial): C:\Users\BVCN 88\Documents\NetBeansProjects\Multi Chat - Server\mysql-connector-java-8.0.25\mysql-connector-java-8.0.25.jar;C:\Users\BVCN 88\Documents\NetBeansProjects\MultiChat\build\classes
Launcher Type: SUN_STANDARD

[Global flags]
     intx CICompilerCount                          = 4                                         {product} {ergonomic}
     uint ConcGCThreads                            = 2                                         {product} {ergonomic}
     uint G1ConcRefinementThreads                  = 8                                         {product} {ergonomic}
   size_t G1HeapRegionSize                         = 1048576                                   {product} {ergonomic}
    uintx GCDrainStackTargetSize                   = 64                                        {product} {ergonomic}
   size_t InitialHeapSize                          = 134217728                                 {product} {ergonomic}
   size_t MarkStackSize                            = 4194304                                   {product} {ergonomic}
   size_t MaxHeapSize                              = 2128609280                                {product} {ergonomic}
   size_t MaxNewSize                               = 1277165568                                {product} {ergonomic}
   size_t MinHeapDeltaBytes                        = 1048576                                   {product} {ergonomic}
   size_t MinHeapSize                              = 8388608                                   {product} {ergonomic}
    uintx NonNMethodCodeHeapSize                   = 5839372                                {pd product} {ergonomic}
    uintx NonProfiledCodeHeapSize                  = 122909434                              {pd product} {ergonomic}
    uintx ProfiledCodeHeapSize                     = 122909434                              {pd product} {ergonomic}
    uintx ReservedCodeCacheSize                    = 251658240                              {pd product} {ergonomic}
     bool SegmentedCodeCache                       = true                                      {product} {ergonomic}
   size_t SoftMaxHeapSize                          = 2128609280                             {manageable} {ergonomic}
     bool UseCompressedClassPointers               = true                           {product lp64_product} {ergonomic}
     bool UseCompressedOops                        = true                           {product lp64_product} {ergonomic}
     bool UseG1GC                                  = true                                      {product} {ergonomic}
     bool UseLargePagesIndividualAllocation        = false                                  {pd product} {ergonomic}

Logging:
Log output configuration:
 #0: stdout all=warning uptime,level,tags
 #1: stderr all=off uptime,level,tags

Environment Variables:
JAVA_HOME=C:\Program Files\Java\jdk-17.0.1\bin\jdk-14
PATH=C:\Program Files\Common Files\Oracle\Java\javapath;C:\Program Files (x86)\Common Files\Oracle\Java\javapath;C:\Program Files (x86)\Intel\iCLS Client\;C:\Program Files\Intel\iCLS Client\;C:\Windows\system32;C:\Windows;C:\Windows\System32\Wbem;C:\Windows\System32\WindowsPowerShell\v1.0\;C:\Windows\System32\OpenSSH\;C:\Program Files (x86)\Intel\Intel(R) Management Engine Components\DAL;C:\Program Files\Intel\Intel(R) Management Engine Components\DAL;C:\Program Files (x86)\Intel\Intel(R) Management Engine Components\IPT;C:\Program Files\Intel\Intel(R) Management Engine Components\IPT;C:\Program Files (x86)\NVIDIA Corporation\PhysX\Common;C:\Program Files\Java\jdk1.8.0_271\bin\jdk-14\bin;C:\Program Files (x86)\Dev-Cpp\MinGW64\bin;C:\WINDOWS\system32;C:\WINDOWS;C:\WINDOWS\System32\Wbem;C:\WINDOWS\System32\WindowsPowerShell\v1.0\;C:\WINDOWS\System32\OpenSSH\;C:\Program Files\Microsoft SQL Server\Client SDK\ODBC\170\Tools\Binn\;C:\Program Files (x86)\Microsoft SQL Server\150\Tools\Binn\;C:\Program Files\Microsoft SQL Server\150\Tools\Binn\;C:\Program Files\Microsoft SQL Server\150\DTS\Binn\;C:\Program Files\Azure Data Studio\bin;C:\Program Files\Java\jdk1.8.0_271\bin;;C:\Program Files\NVIDIA Corporation\NVIDIA NvDLISR;C:\Program Files (x86)\Microsoft SQL Server\150\DTS\Binn\;C:\Users\BVCN 88\AppData\Local\Microsoft\WindowsApps;C:\Users\BVCN 88\AppData\Local\Programs\Microsoft VS Code\bin;C:\Program Files (x86)\Dev-Cpp\MinGW64\bin;C:\Program Files\Azure Data Studio\bin;C:\Program Files\Java\jdk1.8.0_271;C:\Program Files (x86)\Nmap
USERNAME=BVCN 88
OS=Windows_NT
PROCESSOR_IDENTIFIER=Intel64 Family 6 Model 158 Stepping 9, GenuineIntel



---------------  S Y S T E M  ---------------

OS:
 Windows 10 , 64 bit Build 19041 (10.0.19041.1348)
OS uptime: 2 days 23:19 hours

CPU: total 8 (initial active 8) (4 cores per cpu, 2 threads per core) family 6 model 158 stepping 9 microcode 0xb4, cx8, cmov, fxsr, ht, mmx, 3dnowpref, sse, sse2, sse3, ssse3, sse4.1, sse4.2, popcnt, lzcnt, tsc, tscinvbit, avx, avx2, aes, erms, clmul, bmi1, bmi2, adx, fma, vzeroupper, clflush, clflushopt

Memory: 4k page, system-wide physical 8112M (1056M free)
TotalPageFile size 15492M (AvailPageFile size 4005M)
current process WorkingSet (physical memory assigned to process): 100M, peak: 113M
current process commit charge ("private bytes"): 239M, peak: 252M

vm_info: Java HotSpot(TM) 64-Bit Server VM (17.0.1+12-LTS-39) for windows-amd64 JRE (17.0.1+12-LTS-39), built on Sep 27 2021 18:41:35 by "mach5one" with MS VC++ 16.8 (VS2019)

END.
