#
# A fatal error has been detected by the Java Runtime Environment:
#
#  Internal Error (exceptions.cpp:526), pid=10876, tid=11936
#  fatal error: ExceptionMark destructor expects no pending exceptions
#
# JRE version: Java(TM) SE Runtime Environment (17.0.1+12) (build 17.0.1+12-LTS-39)
# Java VM: Java HotSpot(TM) 64-Bit Server VM (17.0.1+12-LTS-39, mixed mode, sharing, tiered, compressed oops, compressed class ptrs, g1 gc, windows-amd64)
# No core dump will be written. Minidumps are not enabled by default on client versions of Windows
#
# If you would like to submit a bug report, please visit:
#   https://bugreport.java.com/bugreport/crash.jsp
#

---------------  S U M M A R Y ------------

Command Line: -Dfile.encoding=UTF-8 -agentlib:jdwp=transport=dt_shmem,address=javadebug --module-path=C:\Users\BVCN 88\Documents\NetBeansProjects\MultiChat\build\classes viewclient.SetNicknameFrm

Host: Intel(R) Core(TM) i7-7700HQ CPU @ 2.80GHz, 8 cores, 7G,  Windows 10 , 64 bit Build 19041 (10.0.19041.1348)
Time: Wed Dec  1 22:26:31 2021 SE Asia Standard Time elapsed time: 11.148220 seconds (0d 0h 0m 11s)

---------------  T H R E A D  ---------------

Current thread (0x0000027f2c80c0d0):  JavaThread "Thread-0" [_thread_in_vm, id=11936, stack(0x000000e139800000,0x000000e139900000)]

Stack: [0x000000e139800000,0x000000e139900000]
Native frames: (J=compiled Java code, j=interpreted, Vv=VM code, C=native code)
V  [jvm.dll+0x66fa1a]
V  [jvm.dll+0x7ce5a4]
V  [jvm.dll+0x7cfd4e]
V  [jvm.dll+0x24285f]
V  [jvm.dll+0x2b945c]
V  [jvm.dll+0x5183f1]
V  [jvm.dll+0x37c094]
C  0x0000027f154ddeca

Java frames: (J=compiled Java code, j=interpreted, Vv=VM code)
j  sun.nio.ch.NioSocketImpl.tryRead(Ljava/io/FileDescriptor;[BII)I+86 java.base@17.0.1
j  sun.nio.ch.NioSocketImpl.implRead([BII)I+99 java.base@17.0.1
j  sun.nio.ch.NioSocketImpl.read([BII)I+54 java.base@17.0.1
j  sun.nio.ch.NioSocketImpl$1.read([BII)I+7 java.base@17.0.1
j  java.net.Socket$SocketInputStream.read([BII)I+7 java.base@17.0.1
j  java.net.Socket$SocketInputStream.read()I+8 java.base@17.0.1
j  java.io.DataInputStream.readUnsignedShort()I+4 java.base@17.0.1
j  java.io.DataInputStream.readUTF(Ljava/io/DataInput;)Ljava/lang/String;+1 java.base@17.0.1
j  java.io.DataInputStream.readUTF()Ljava/lang/String;+1 java.base@17.0.1
j  coreclient.ClientManager$1.run()V+7
j  java.lang.Thread.run()V+11 java.base@17.0.1
v  ~StubRoutines::call_stub

---------------  P R O C E S S  ---------------

Threads class SMR info:
_java_thread_list=0x0000027f2dc111f0, length=23, elements={
0x0000027f2bd5a750, 0x0000027f2bd5b5c0, 0x0000027f2bd6afd0, 0x0000027f2bd6bb80,
0x0000027f2bd6f650, 0x0000027f2bd93910, 0x0000027f2bd946a0, 0x0000027f2bd9d150,
0x0000027f2bda1770, 0x0000027f2bd43900, 0x0000027f2c935250, 0x0000027f2c99afc0,
0x0000027f2c974e20, 0x0000027f2c995680, 0x0000027f2cb34ef0, 0x0000027f2cb357d0,
0x0000027f2c9b8800, 0x0000027f0dcbe0a0, 0x0000027f2cbf46a0, 0x0000027f2d80ae70,
0x0000027f2c80c0d0, 0x0000027f2c80c5a0, 0x0000027f2c80f0f0
}

Java Threads: ( => current thread )
  0x0000027f2bd5a750 JavaThread "Reference Handler" daemon [_thread_blocked, id=9188, stack(0x000000e138000000,0x000000e138100000)]
  0x0000027f2bd5b5c0 JavaThread "Finalizer" daemon [_thread_blocked, id=20116, stack(0x000000e138100000,0x000000e138200000)]
  0x0000027f2bd6afd0 JavaThread "Signal Dispatcher" daemon [_thread_blocked, id=9300, stack(0x000000e138200000,0x000000e138300000)]
  0x0000027f2bd6bb80 JavaThread "Attach Listener" daemon [_thread_blocked, id=11720, stack(0x000000e138300000,0x000000e138400000)]
  0x0000027f2bd6f650 JavaThread "Service Thread" daemon [_thread_blocked, id=19784, stack(0x000000e138400000,0x000000e138500000)]
  0x0000027f2bd93910 JavaThread "Monitor Deflation Thread" daemon [_thread_blocked, id=1356, stack(0x000000e138500000,0x000000e138600000)]
  0x0000027f2bd946a0 JavaThread "C2 CompilerThread0" daemon [_thread_blocked, id=16968, stack(0x000000e138600000,0x000000e138700000)]
  0x0000027f2bd9d150 JavaThread "C1 CompilerThread0" daemon [_thread_blocked, id=16636, stack(0x000000e138700000,0x000000e138800000)]
  0x0000027f2bda1770 JavaThread "Sweeper thread" daemon [_thread_blocked, id=12276, stack(0x000000e138800000,0x000000e138900000)]
  0x0000027f2bd43900 JavaThread "Common-Cleaner" daemon [_thread_blocked, id=19968, stack(0x000000e138900000,0x000000e138a00000)]
  0x0000027f2c935250 JavaThread "JDWP Transport Listener: dt_shmem" daemon [_thread_blocked, id=16256, stack(0x000000e138a00000,0x000000e138b00000)]
  0x0000027f2c99afc0 JavaThread "JDWP Event Helper Thread" daemon [_thread_blocked, id=14212, stack(0x000000e138b00000,0x000000e138c00000)]
  0x0000027f2c974e20 JavaThread "JDWP Command Reader" daemon [_thread_in_native, id=13892, stack(0x000000e138c00000,0x000000e138d00000)]
  0x0000027f2c995680 JavaThread "Notification Thread" daemon [_thread_blocked, id=19468, stack(0x000000e138d00000,0x000000e138e00000)]
  0x0000027f2cb34ef0 JavaThread "Java2D Disposer" daemon [_thread_blocked, id=11180, stack(0x000000e138f00000,0x000000e139000000)]
  0x0000027f2cb357d0 JavaThread "AWT-Shutdown" [_thread_blocked, id=7512, stack(0x000000e139000000,0x000000e139100000)]
  0x0000027f2c9b8800 JavaThread "AWT-EventQueue-0" [_thread_blocked, id=12280, stack(0x000000e139200000,0x000000e139300000)]
  0x0000027f0dcbe0a0 JavaThread "DestroyJavaVM" [_thread_blocked, id=13576, stack(0x000000e137900000,0x000000e137a00000)]
  0x0000027f2cbf46a0 JavaThread "org.netbeans.modules.debugger.jpda.visual AWT Access Loop" daemon [_thread_blocked, id=9536, stack(0x000000e139300000,0x000000e139400000)]
  0x0000027f2d80ae70 JavaThread "TimerQueue" daemon [_thread_blocked, id=18444, stack(0x000000e139700000,0x000000e139800000)]
=>0x0000027f2c80c0d0 JavaThread "Thread-0" [_thread_in_vm, id=11936, stack(0x000000e139800000,0x000000e139900000)]
  0x0000027f2c80c5a0 JavaThread "mysql-cj-abandoned-connection-cleanup" daemon [_thread_blocked, id=5980, stack(0x000000e139a00000,0x000000e139b00000)]
  0x0000027f2c80f0f0 JavaThread "ToolkitShutdown" daemon [_thread_in_native, id=10120, stack(0x000000e139900000,0x000000e139a00000)]

Other Threads:
  0x0000027f2bd53b40 VMThread "VM Thread" [stack: 0x000000e137f00000,0x000000e138000000] [id=3608]
  0x0000027f2c9f8670 WatcherThread [stack: 0x000000e138e00000,0x000000e138f00000] [id=17056]
  0x0000027f0dcfd3f0 GCTaskThread "GC Thread#0" [stack: 0x000000e137a00000,0x000000e137b00000] [id=13972]
  0x0000027f0dd0f110 ConcurrentGCThread "G1 Main Marker" [stack: 0x000000e137b00000,0x000000e137c00000] [id=15152]
  0x0000027f0dd112d0 ConcurrentGCThread "G1 Conc#0" [stack: 0x000000e137c00000,0x000000e137d00000] [id=19828]
  0x0000027f0dd9a1a0 ConcurrentGCThread "G1 Refine#0" [stack: 0x000000e137d00000,0x000000e137e00000] [id=16068]
  0x0000027f0dd9abc0 ConcurrentGCThread "G1 Service" [stack: 0x000000e137e00000,0x000000e137f00000] [id=2552]

Threads with active compile tasks:

VM state: not at safepoint (normal execution)

VM Mutex/Monitor currently owned by a thread: None

Heap address: 0x0000000081200000, size: 2030 MB, Compressed Oops mode: 32-bit

CDS archive(s) mapped at: [0x0000000800000000-0x0000000800bc0000-0x0000000800bc0000), size 12320768, SharedBaseAddress: 0x0000000800000000, ArchiveRelocationMode: 0.
Compressed class space mapped at: 0x0000000800c00000-0x0000000840c00000, reserved size: 1073741824
Narrow klass base: 0x0000000800000000, Narrow klass shift: 0, Narrow klass range: 0x100000000

GC Precious Log:
 CPUs: 8 total, 8 available
 Memory: 8112M
 Large Page Support: Disabled
 NUMA Support: Disabled
 Compressed Oops: Enabled (32-bit)
 Heap Region Size: 1M
 Heap Min Capacity: 8M
 Heap Initial Capacity: 128M
 Heap Max Capacity: 2030M
 Pre-touch: Disabled
 Parallel Workers: 8
 Concurrent Workers: 2
 Concurrent Refinement Workers: 8
 Periodic GC: Disabled

Heap:
 garbage-first heap   total 131072K, used 19456K [0x0000000081200000, 0x0000000100000000)
  region size 1024K, 21 young (21504K), 0 survivors (0K)
 Metaspace       used 13977K, committed 14208K, reserved 1064960K
  class space    used 1550K, committed 1664K, reserved 1048576K

Heap Regions: E=young(eden), S=young(survivor), O=old, HS=humongous(starts), HC=humongous(continues), CS=collection set, F=free, OA=open archive, CA=closed archive, TAMS=top-at-mark-start (previous, next)
|   0|0x0000000081200000, 0x0000000081200000, 0x0000000081300000|  0%| F|  |TAMS 0x0000000081200000, 0x0000000081200000| Untracked 
|   1|0x0000000081300000, 0x0000000081300000, 0x0000000081400000|  0%| F|  |TAMS 0x0000000081300000, 0x0000000081300000| Untracked 
|   2|0x0000000081400000, 0x0000000081400000, 0x0000000081500000|  0%| F|  |TAMS 0x0000000081400000, 0x0000000081400000| Untracked 
|   3|0x0000000081500000, 0x0000000081500000, 0x0000000081600000|  0%| F|  |TAMS 0x0000000081500000, 0x0000000081500000| Untracked 
|   4|0x0000000081600000, 0x0000000081600000, 0x0000000081700000|  0%| F|  |TAMS 0x0000000081600000, 0x0000000081600000| Untracked 
|   5|0x0000000081700000, 0x0000000081700000, 0x0000000081800000|  0%| F|  |TAMS 0x0000000081700000, 0x0000000081700000| Untracked 
|   6|0x0000000081800000, 0x0000000081800000, 0x0000000081900000|  0%| F|  |TAMS 0x0000000081800000, 0x0000000081800000| Untracked 
|   7|0x0000000081900000, 0x0000000081900000, 0x0000000081a00000|  0%| F|  |TAMS 0x0000000081900000, 0x0000000081900000| Untracked 
|   8|0x0000000081a00000, 0x0000000081a00000, 0x0000000081b00000|  0%| F|  |TAMS 0x0000000081a00000, 0x0000000081a00000| Untracked 
|   9|0x0000000081b00000, 0x0000000081b00000, 0x0000000081c00000|  0%| F|  |TAMS 0x0000000081b00000, 0x0000000081b00000| Untracked 
|  10|0x0000000081c00000, 0x0000000081c00000, 0x0000000081d00000|  0%| F|  |TAMS 0x0000000081c00000, 0x0000000081c00000| Untracked 
|  11|0x0000000081d00000, 0x0000000081d00000, 0x0000000081e00000|  0%| F|  |TAMS 0x0000000081d00000, 0x0000000081d00000| Untracked 
|  12|0x0000000081e00000, 0x0000000081e00000, 0x0000000081f00000|  0%| F|  |TAMS 0x0000000081e00000, 0x0000000081e00000| Untracked 
|  13|0x0000000081f00000, 0x0000000081f00000, 0x0000000082000000|  0%| F|  |TAMS 0x0000000081f00000, 0x0000000081f00000| Untracked 
|  14|0x0000000082000000, 0x0000000082000000, 0x0000000082100000|  0%| F|  |TAMS 0x0000000082000000, 0x0000000082000000| Untracked 
|  15|0x0000000082100000, 0x0000000082100000, 0x0000000082200000|  0%| F|  |TAMS 0x0000000082100000, 0x0000000082100000| Untracked 
|  16|0x0000000082200000, 0x0000000082200000, 0x0000000082300000|  0%| F|  |TAMS 0x0000000082200000, 0x0000000082200000| Untracked 
|  17|0x0000000082300000, 0x0000000082300000, 0x0000000082400000|  0%| F|  |TAMS 0x0000000082300000, 0x0000000082300000| Untracked 
|  18|0x0000000082400000, 0x0000000082400000, 0x0000000082500000|  0%| F|  |TAMS 0x0000000082400000, 0x0000000082400000| Untracked 
|  19|0x0000000082500000, 0x0000000082500000, 0x0000000082600000|  0%| F|  |TAMS 0x0000000082500000, 0x0000000082500000| Untracked 
|  20|0x0000000082600000, 0x0000000082600000, 0x0000000082700000|  0%| F|  |TAMS 0x0000000082600000, 0x0000000082600000| Untracked 
|  21|0x0000000082700000, 0x0000000082700000, 0x0000000082800000|  0%| F|  |TAMS 0x0000000082700000, 0x0000000082700000| Untracked 
|  22|0x0000000082800000, 0x0000000082800000, 0x0000000082900000|  0%| F|  |TAMS 0x0000000082800000, 0x0000000082800000| Untracked 
|  23|0x0000000082900000, 0x0000000082900000, 0x0000000082a00000|  0%| F|  |TAMS 0x0000000082900000, 0x0000000082900000| Untracked 
|  24|0x0000000082a00000, 0x0000000082a00000, 0x0000000082b00000|  0%| F|  |TAMS 0x0000000082a00000, 0x0000000082a00000| Untracked 
|  25|0x0000000082b00000, 0x0000000082b00000, 0x0000000082c00000|  0%| F|  |TAMS 0x0000000082b00000, 0x0000000082b00000| Untracked 
|  26|0x0000000082c00000, 0x0000000082c00000, 0x0000000082d00000|  0%| F|  |TAMS 0x0000000082c00000, 0x0000000082c00000| Untracked 
|  27|0x0000000082d00000, 0x0000000082d00000, 0x0000000082e00000|  0%| F|  |TAMS 0x0000000082d00000, 0x0000000082d00000| Untracked 
|  28|0x0000000082e00000, 0x0000000082e00000, 0x0000000082f00000|  0%| F|  |TAMS 0x0000000082e00000, 0x0000000082e00000| Untracked 
|  29|0x0000000082f00000, 0x0000000082f00000, 0x0000000083000000|  0%| F|  |TAMS 0x0000000082f00000, 0x0000000082f00000| Untracked 
|  30|0x0000000083000000, 0x0000000083000000, 0x0000000083100000|  0%| F|  |TAMS 0x0000000083000000, 0x0000000083000000| Untracked 
|  31|0x0000000083100000, 0x0000000083100000, 0x0000000083200000|  0%| F|  |TAMS 0x0000000083100000, 0x0000000083100000| Untracked 
|  32|0x0000000083200000, 0x0000000083200000, 0x0000000083300000|  0%| F|  |TAMS 0x0000000083200000, 0x0000000083200000| Untracked 
|  33|0x0000000083300000, 0x0000000083300000, 0x0000000083400000|  0%| F|  |TAMS 0x0000000083300000, 0x0000000083300000| Untracked 
|  34|0x0000000083400000, 0x0000000083400000, 0x0000000083500000|  0%| F|  |TAMS 0x0000000083400000, 0x0000000083400000| Untracked 
|  35|0x0000000083500000, 0x0000000083500000, 0x0000000083600000|  0%| F|  |TAMS 0x0000000083500000, 0x0000000083500000| Untracked 
|  36|0x0000000083600000, 0x0000000083600000, 0x0000000083700000|  0%| F|  |TAMS 0x0000000083600000, 0x0000000083600000| Untracked 
|  37|0x0000000083700000, 0x0000000083700000, 0x0000000083800000|  0%| F|  |TAMS 0x0000000083700000, 0x0000000083700000| Untracked 
|  38|0x0000000083800000, 0x0000000083800000, 0x0000000083900000|  0%| F|  |TAMS 0x0000000083800000, 0x0000000083800000| Untracked 
|  39|0x0000000083900000, 0x0000000083900000, 0x0000000083a00000|  0%| F|  |TAMS 0x0000000083900000, 0x0000000083900000| Untracked 
|  40|0x0000000083a00000, 0x0000000083a00000, 0x0000000083b00000|  0%| F|  |TAMS 0x0000000083a00000, 0x0000000083a00000| Untracked 
|  41|0x0000000083b00000, 0x0000000083b00000, 0x0000000083c00000|  0%| F|  |TAMS 0x0000000083b00000, 0x0000000083b00000| Untracked 
|  42|0x0000000083c00000, 0x0000000083c00000, 0x0000000083d00000|  0%| F|  |TAMS 0x0000000083c00000, 0x0000000083c00000| Untracked 
|  43|0x0000000083d00000, 0x0000000083d00000, 0x0000000083e00000|  0%| F|  |TAMS 0x0000000083d00000, 0x0000000083d00000| Untracked 
|  44|0x0000000083e00000, 0x0000000083e00000, 0x0000000083f00000|  0%| F|  |TAMS 0x0000000083e00000, 0x0000000083e00000| Untracked 
|  45|0x0000000083f00000, 0x0000000083f00000, 0x0000000084000000|  0%| F|  |TAMS 0x0000000083f00000, 0x0000000083f00000| Untracked 
|  46|0x0000000084000000, 0x0000000084000000, 0x0000000084100000|  0%| F|  |TAMS 0x0000000084000000, 0x0000000084000000| Untracked 
|  47|0x0000000084100000, 0x0000000084100000, 0x0000000084200000|  0%| F|  |TAMS 0x0000000084100000, 0x0000000084100000| Untracked 
|  48|0x0000000084200000, 0x0000000084200000, 0x0000000084300000|  0%| F|  |TAMS 0x0000000084200000, 0x0000000084200000| Untracked 
|  49|0x0000000084300000, 0x0000000084300000, 0x0000000084400000|  0%| F|  |TAMS 0x0000000084300000, 0x0000000084300000| Untracked 
|  50|0x0000000084400000, 0x0000000084400000, 0x0000000084500000|  0%| F|  |TAMS 0x0000000084400000, 0x0000000084400000| Untracked 
|  51|0x0000000084500000, 0x0000000084500000, 0x0000000084600000|  0%| F|  |TAMS 0x0000000084500000, 0x0000000084500000| Untracked 
|  52|0x0000000084600000, 0x0000000084600000, 0x0000000084700000|  0%| F|  |TAMS 0x0000000084600000, 0x0000000084600000| Untracked 
|  53|0x0000000084700000, 0x0000000084700000, 0x0000000084800000|  0%| F|  |TAMS 0x0000000084700000, 0x0000000084700000| Untracked 
|  54|0x0000000084800000, 0x0000000084800000, 0x0000000084900000|  0%| F|  |TAMS 0x0000000084800000, 0x0000000084800000| Untracked 
|  55|0x0000000084900000, 0x0000000084900000, 0x0000000084a00000|  0%| F|  |TAMS 0x0000000084900000, 0x0000000084900000| Untracked 
|  56|0x0000000084a00000, 0x0000000084a00000, 0x0000000084b00000|  0%| F|  |TAMS 0x0000000084a00000, 0x0000000084a00000| Untracked 
|  57|0x0000000084b00000, 0x0000000084b00000, 0x0000000084c00000|  0%| F|  |TAMS 0x0000000084b00000, 0x0000000084b00000| Untracked 
|  58|0x0000000084c00000, 0x0000000084c00000, 0x0000000084d00000|  0%| F|  |TAMS 0x0000000084c00000, 0x0000000084c00000| Untracked 
|  59|0x0000000084d00000, 0x0000000084d00000, 0x0000000084e00000|  0%| F|  |TAMS 0x0000000084d00000, 0x0000000084d00000| Untracked 
|  60|0x0000000084e00000, 0x0000000084e00000, 0x0000000084f00000|  0%| F|  |TAMS 0x0000000084e00000, 0x0000000084e00000| Untracked 
|  61|0x0000000084f00000, 0x0000000084f00000, 0x0000000085000000|  0%| F|  |TAMS 0x0000000084f00000, 0x0000000084f00000| Untracked 
|  62|0x0000000085000000, 0x0000000085000000, 0x0000000085100000|  0%| F|  |TAMS 0x0000000085000000, 0x0000000085000000| Untracked 
|  63|0x0000000085100000, 0x0000000085100000, 0x0000000085200000|  0%| F|  |TAMS 0x0000000085100000, 0x0000000085100000| Untracked 
|  64|0x0000000085200000, 0x0000000085200000, 0x0000000085300000|  0%| F|  |TAMS 0x0000000085200000, 0x0000000085200000| Untracked 
|  65|0x0000000085300000, 0x0000000085300000, 0x0000000085400000|  0%| F|  |TAMS 0x0000000085300000, 0x0000000085300000| Untracked 
|  66|0x0000000085400000, 0x0000000085400000, 0x0000000085500000|  0%| F|  |TAMS 0x0000000085400000, 0x0000000085400000| Untracked 
|  67|0x0000000085500000, 0x0000000085500000, 0x0000000085600000|  0%| F|  |TAMS 0x0000000085500000, 0x0000000085500000| Untracked 
|  68|0x0000000085600000, 0x0000000085600000, 0x0000000085700000|  0%| F|  |TAMS 0x0000000085600000, 0x0000000085600000| Untracked 
|  69|0x0000000085700000, 0x0000000085700000, 0x0000000085800000|  0%| F|  |TAMS 0x0000000085700000, 0x0000000085700000| Untracked 
|  70|0x0000000085800000, 0x0000000085800000, 0x0000000085900000|  0%| F|  |TAMS 0x0000000085800000, 0x0000000085800000| Untracked 
|  71|0x0000000085900000, 0x0000000085900000, 0x0000000085a00000|  0%| F|  |TAMS 0x0000000085900000, 0x0000000085900000| Untracked 
|  72|0x0000000085a00000, 0x0000000085a00000, 0x0000000085b00000|  0%| F|  |TAMS 0x0000000085a00000, 0x0000000085a00000| Untracked 
|  73|0x0000000085b00000, 0x0000000085b00000, 0x0000000085c00000|  0%| F|  |TAMS 0x0000000085b00000, 0x0000000085b00000| Untracked 
|  74|0x0000000085c00000, 0x0000000085c00000, 0x0000000085d00000|  0%| F|  |TAMS 0x0000000085c00000, 0x0000000085c00000| Untracked 
|  75|0x0000000085d00000, 0x0000000085d00000, 0x0000000085e00000|  0%| F|  |TAMS 0x0000000085d00000, 0x0000000085d00000| Untracked 
|  76|0x0000000085e00000, 0x0000000085e00000, 0x0000000085f00000|  0%| F|  |TAMS 0x0000000085e00000, 0x0000000085e00000| Untracked 
|  77|0x0000000085f00000, 0x0000000085f00000, 0x0000000086000000|  0%| F|  |TAMS 0x0000000085f00000, 0x0000000085f00000| Untracked 
|  78|0x0000000086000000, 0x0000000086000000, 0x0000000086100000|  0%| F|  |TAMS 0x0000000086000000, 0x0000000086000000| Untracked 
|  79|0x0000000086100000, 0x0000000086100000, 0x0000000086200000|  0%| F|  |TAMS 0x0000000086100000, 0x0000000086100000| Untracked 
|  80|0x0000000086200000, 0x0000000086200000, 0x0000000086300000|  0%| F|  |TAMS 0x0000000086200000, 0x0000000086200000| Untracked 
|  81|0x0000000086300000, 0x0000000086300000, 0x0000000086400000|  0%| F|  |TAMS 0x0000000086300000, 0x0000000086300000| Untracked 
|  82|0x0000000086400000, 0x0000000086400000, 0x0000000086500000|  0%| F|  |TAMS 0x0000000086400000, 0x0000000086400000| Untracked 
|  83|0x0000000086500000, 0x0000000086500000, 0x0000000086600000|  0%| F|  |TAMS 0x0000000086500000, 0x0000000086500000| Untracked 
|  84|0x0000000086600000, 0x0000000086600000, 0x0000000086700000|  0%| F|  |TAMS 0x0000000086600000, 0x0000000086600000| Untracked 
|  85|0x0000000086700000, 0x0000000086700000, 0x0000000086800000|  0%| F|  |TAMS 0x0000000086700000, 0x0000000086700000| Untracked 
|  86|0x0000000086800000, 0x0000000086800000, 0x0000000086900000|  0%| F|  |TAMS 0x0000000086800000, 0x0000000086800000| Untracked 
|  87|0x0000000086900000, 0x0000000086900000, 0x0000000086a00000|  0%| F|  |TAMS 0x0000000086900000, 0x0000000086900000| Untracked 
|  88|0x0000000086a00000, 0x0000000086a00000, 0x0000000086b00000|  0%| F|  |TAMS 0x0000000086a00000, 0x0000000086a00000| Untracked 
|  89|0x0000000086b00000, 0x0000000086b00000, 0x0000000086c00000|  0%| F|  |TAMS 0x0000000086b00000, 0x0000000086b00000| Untracked 
|  90|0x0000000086c00000, 0x0000000086c00000, 0x0000000086d00000|  0%| F|  |TAMS 0x0000000086c00000, 0x0000000086c00000| Untracked 
|  91|0x0000000086d00000, 0x0000000086d00000, 0x0000000086e00000|  0%| F|  |TAMS 0x0000000086d00000, 0x0000000086d00000| Untracked 
|  92|0x0000000086e00000, 0x0000000086e00000, 0x0000000086f00000|  0%| F|  |TAMS 0x0000000086e00000, 0x0000000086e00000| Untracked 
|  93|0x0000000086f00000, 0x0000000086f00000, 0x0000000087000000|  0%| F|  |TAMS 0x0000000086f00000, 0x0000000086f00000| Untracked 
|  94|0x0000000087000000, 0x0000000087000000, 0x0000000087100000|  0%| F|  |TAMS 0x0000000087000000, 0x0000000087000000| Untracked 
|  95|0x0000000087100000, 0x0000000087100000, 0x0000000087200000|  0%| F|  |TAMS 0x0000000087100000, 0x0000000087100000| Untracked 
|  96|0x0000000087200000, 0x0000000087200000, 0x0000000087300000|  0%| F|  |TAMS 0x0000000087200000, 0x0000000087200000| Untracked 
|  97|0x0000000087300000, 0x0000000087300000, 0x0000000087400000|  0%| F|  |TAMS 0x0000000087300000, 0x0000000087300000| Untracked 
|  98|0x0000000087400000, 0x0000000087400000, 0x0000000087500000|  0%| F|  |TAMS 0x0000000087400000, 0x0000000087400000| Untracked 
|  99|0x0000000087500000, 0x0000000087500000, 0x0000000087600000|  0%| F|  |TAMS 0x0000000087500000, 0x0000000087500000| Untracked 
| 100|0x0000000087600000, 0x0000000087600000, 0x0000000087700000|  0%| F|  |TAMS 0x0000000087600000, 0x0000000087600000| Untracked 
| 101|0x0000000087700000, 0x0000000087700000, 0x0000000087800000|  0%| F|  |TAMS 0x0000000087700000, 0x0000000087700000| Untracked 
| 102|0x0000000087800000, 0x0000000087800000, 0x0000000087900000|  0%| F|  |TAMS 0x0000000087800000, 0x0000000087800000| Untracked 
| 103|0x0000000087900000, 0x0000000087900000, 0x0000000087a00000|  0%| F|  |TAMS 0x0000000087900000, 0x0000000087900000| Untracked 
| 104|0x0000000087a00000, 0x0000000087a00000, 0x0000000087b00000|  0%| F|  |TAMS 0x0000000087a00000, 0x0000000087a00000| Untracked 
| 105|0x0000000087b00000, 0x0000000087b00000, 0x0000000087c00000|  0%| F|  |TAMS 0x0000000087b00000, 0x0000000087b00000| Untracked 
| 106|0x0000000087c00000, 0x0000000087c00000, 0x0000000087d00000|  0%| F|  |TAMS 0x0000000087c00000, 0x0000000087c00000| Untracked 
| 107|0x0000000087d00000, 0x0000000087e00000, 0x0000000087e00000|100%| E|  |TAMS 0x0000000087d00000, 0x0000000087d00000| Complete 
| 108|0x0000000087e00000, 0x0000000087f00000, 0x0000000087f00000|100%| E|CS|TAMS 0x0000000087e00000, 0x0000000087e00000| Complete 
| 109|0x0000000087f00000, 0x0000000088000000, 0x0000000088000000|100%| E|CS|TAMS 0x0000000087f00000, 0x0000000087f00000| Complete 
| 110|0x0000000088000000, 0x0000000088100000, 0x0000000088100000|100%| E|CS|TAMS 0x0000000088000000, 0x0000000088000000| Complete 
| 111|0x0000000088100000, 0x0000000088200000, 0x0000000088200000|100%| E|CS|TAMS 0x0000000088100000, 0x0000000088100000| Complete 
| 112|0x0000000088200000, 0x0000000088300000, 0x0000000088300000|100%| E|CS|TAMS 0x0000000088200000, 0x0000000088200000| Complete 
| 113|0x0000000088300000, 0x0000000088400000, 0x0000000088400000|100%| E|CS|TAMS 0x0000000088300000, 0x0000000088300000| Complete 
| 114|0x0000000088400000, 0x0000000088500000, 0x0000000088500000|100%| E|  |TAMS 0x0000000088400000, 0x0000000088400000| Complete 
| 115|0x0000000088500000, 0x0000000088600000, 0x0000000088600000|100%| E|CS|TAMS 0x0000000088500000, 0x0000000088500000| Complete 
| 116|0x0000000088600000, 0x0000000088700000, 0x0000000088700000|100%| E|CS|TAMS 0x0000000088600000, 0x0000000088600000| Complete 
| 117|0x0000000088700000, 0x0000000088800000, 0x0000000088800000|100%| E|CS|TAMS 0x0000000088700000, 0x0000000088700000| Complete 
| 118|0x0000000088800000, 0x0000000088900000, 0x0000000088900000|100%| E|CS|TAMS 0x0000000088800000, 0x0000000088800000| Complete 
| 119|0x0000000088900000, 0x0000000088a00000, 0x0000000088a00000|100%| E|CS|TAMS 0x0000000088900000, 0x0000000088900000| Complete 
| 120|0x0000000088a00000, 0x0000000088b00000, 0x0000000088b00000|100%| E|CS|TAMS 0x0000000088a00000, 0x0000000088a00000| Complete 
| 121|0x0000000088b00000, 0x0000000088c00000, 0x0000000088c00000|100%| E|CS|TAMS 0x0000000088b00000, 0x0000000088b00000| Complete 
| 122|0x0000000088c00000, 0x0000000088d00000, 0x0000000088d00000|100%| E|CS|TAMS 0x0000000088c00000, 0x0000000088c00000| Complete 
| 123|0x0000000088d00000, 0x0000000088e00000, 0x0000000088e00000|100%| E|CS|TAMS 0x0000000088d00000, 0x0000000088d00000| Complete 
| 124|0x0000000088e00000, 0x0000000088f00000, 0x0000000088f00000|100%| E|CS|TAMS 0x0000000088e00000, 0x0000000088e00000| Complete 
| 125|0x0000000088f00000, 0x0000000089000000, 0x0000000089000000|100%| E|CS|TAMS 0x0000000088f00000, 0x0000000088f00000| Complete 
| 126|0x0000000089000000, 0x0000000089100000, 0x0000000089100000|100%| E|CS|TAMS 0x0000000089000000, 0x0000000089000000| Complete 
| 127|0x0000000089100000, 0x0000000089200000, 0x0000000089200000|100%| E|CS|TAMS 0x0000000089100000, 0x0000000089100000| Complete 

Card table byte_map: [0x0000027f24c10000,0x0000027f25010000] _byte_map_base: 0x0000027f24807000

Marking Bits (Prev, Next): (CMBitMap*) 0x0000027f0dcfda00, (CMBitMap*) 0x0000027f0dcfda40
 Prev Bits: [0x0000027f25410000, 0x0000027f273c8000)
 Next Bits: [0x0000027f273d0000, 0x0000027f29388000)

Polling page: 0x0000027f0bc90000

Metaspace:

Usage:
  Non-class:     12.14 MB used.
      Class:      1.51 MB used.
       Both:     13.65 MB used.

Virtual space:
  Non-class space:       16.00 MB reserved,      12.25 MB ( 77%) committed,  2 nodes.
      Class space:        1.00 GB reserved,       1.62 MB ( <1%) committed,  1 nodes.
             Both:        1.02 GB reserved,      13.88 MB (  1%) committed. 

Chunk freelists:
   Non-Class:  3.39 MB
       Class:  2.39 MB
        Both:  5.78 MB

MaxMetaspaceSize: unlimited
CompressedClassSpaceSize: 1.00 GB
Initial GC threshold: 21.00 MB
Current GC threshold: 21.00 MB
CDS: on
MetaspaceReclaimPolicy: balanced
 - commit_granule_bytes: 65536.
 - commit_granule_words: 8192.
 - virtual_space_node_default_size: 1048576.
 - enlarge_chunks_in_place: 1.
 - new_chunks_are_fully_committed: 0.
 - uncommit_free_chunks: 1.
 - use_allocation_guard: 0.
 - handle_deallocations: 1.


Internal statistics:

num_allocs_failed_limit: 0.
num_arena_births: 130.
num_arena_deaths: 0.
num_vsnodes_births: 3.
num_vsnodes_deaths: 0.
num_space_committed: 222.
num_space_uncommitted: 0.
num_chunks_returned_to_freelist: 0.
num_chunks_taken_from_freelist: 278.
num_chunk_merges: 0.
num_chunk_splits: 178.
num_chunks_enlarged: 114.
num_purges: 0.
num_inconsistent_stats: 0.

CodeHeap 'non-profiled nmethods': size=120000Kb used=610Kb max_used=610Kb free=119389Kb
 bounds [0x0000027f1cfa0000, 0x0000027f1d210000, 0x0000027f244d0000]
CodeHeap 'profiled nmethods': size=120000Kb used=3299Kb max_used=3299Kb free=116700Kb
 bounds [0x0000027f15a70000, 0x0000027f15db0000, 0x0000027f1cfa0000]
CodeHeap 'non-nmethods': size=5760Kb used=1417Kb max_used=1445Kb free=4342Kb
 bounds [0x0000027f154d0000, 0x0000027f15740000, 0x0000027f15a70000]
 total_blobs=2387 nmethods=1689 adapters=611
 compilation: enabled
              stopped_count=0, restarted_count=0
 full_count=0

Compilation events (20 events):
Event: 10.633 Thread 0x0000027f2bd9d150 1681       3       java.awt.Window::dispatchEventImpl (23 bytes)
Event: 10.633 Thread 0x0000027f2bd9d150 nmethod 1681 0x0000027f15d9fa90 code [0x0000027f15d9fc80, 0x0000027f15da03d8]
Event: 10.672 Thread 0x0000027f2bd9d150 1682       3       sun.awt.windows.WComponentPeer::postEvent (17 bytes)
Event: 10.673 Thread 0x0000027f2bd9d150 nmethod 1682 0x0000027f15da0590 code [0x0000027f15da07a0, 0x0000027f15da0e18]
Event: 10.673 Thread 0x0000027f2bd9d150 1683       3       sun.awt.windows.WWindowPeer::preprocessPostEvent (72 bytes)
Event: 10.673 Thread 0x0000027f2bd9d150 nmethod 1683 0x0000027f15da1090 code [0x0000027f15da1280, 0x0000027f15da19f8]
Event: 10.760 Thread 0x0000027f2bd9d150 1684       3       java.awt.EventQueue::coalesceMouseEvent (44 bytes)
Event: 10.761 Thread 0x0000027f2bd9d150 nmethod 1684 0x0000027f15da1b90 code [0x0000027f15da1d60, 0x0000027f15da2208]
Event: 11.055 Thread 0x0000027f2bd9d150 1685       3       sun.java2d.pipe.Region::clipScale (41 bytes)
Event: 11.055 Thread 0x0000027f2bd9d150 nmethod 1685 0x0000027f15da2390 code [0x0000027f15da2580, 0x0000027f15da2868]
Event: 11.055 Thread 0x0000027f2bd9d150 1686       3       sun.java2d.SunGraphics2D::create (8 bytes)
Event: 11.055 Thread 0x0000027f2bd9d150 nmethod 1686 0x0000027f15da2910 code [0x0000027f15da2ac0, 0x0000027f15da2d08]
Event: 11.055 Thread 0x0000027f2bd9d150 1687   !   3       sun.java2d.SunGraphics2D::clone (114 bytes)
Event: 11.056 Thread 0x0000027f2bd9d150 nmethod 1687 0x0000027f15da2e10 code [0x0000027f15da3060, 0x0000027f15da3c08]
Event: 11.056 Thread 0x0000027f2bd9d150 1689   !   3       sun.font.FontDesignMetrics::getMetrics (265 bytes)
Event: 11.057 Thread 0x0000027f2bd9d150 nmethod 1689 0x0000027f15da4010 code [0x0000027f15da44e0, 0x0000027f15da6e98]
Event: 11.057 Thread 0x0000027f2bd9d150 1690       3       java.awt.RenderingHints::put (39 bytes)
Event: 11.057 Thread 0x0000027f2bd9d150 nmethod 1690 0x0000027f15da7e10 code [0x0000027f15da8000, 0x0000027f15da8638]
Event: 11.057 Thread 0x0000027f2bd9d150 1688       3       sun.java2d.SurfaceData::getTextPipe (120 bytes)
Event: 11.058 Thread 0x0000027f2bd9d150 nmethod 1688 0x0000027f15da8810 code [0x0000027f15da8a00, 0x0000027f15da8ec8]

GC Heap History (0 events):
No events

Deoptimization events (20 events):
Event: 6.258 Thread 0x0000027f2c9b8800 Uncommon trap: trap_request=0xffffffde fr.pc=0x0000027f1cffeb34 relative=0x0000000000000094
Event: 6.258 Thread 0x0000027f2c9b8800 Uncommon trap: reason=class_check action=maybe_recompile pc=0x0000027f1cffeb34 method=java.util.HashSet.add(Ljava/lang/Object;)Z @ 8 c2
Event: 6.258 Thread 0x0000027f2c9b8800 DEOPT PACKING pc=0x0000027f1cffeb34 sp=0x000000e1392fe160
Event: 6.258 Thread 0x0000027f2c9b8800 DEOPT UNPACKING pc=0x0000027f155223a3 sp=0x000000e1392fe100 mode 2
Event: 6.306 Thread 0x0000027f2c9b8800 DEOPT PACKING pc=0x0000027f15c986d6 sp=0x000000e1392fb270
Event: 6.306 Thread 0x0000027f2c9b8800 DEOPT UNPACKING pc=0x0000027f15522b43 sp=0x000000e1392fa710 mode 0
Event: 6.306 Thread 0x0000027f2c9b8800 DEOPT PACKING pc=0x0000027f15c986d6 sp=0x000000e1392fb270
Event: 6.306 Thread 0x0000027f2c9b8800 DEOPT UNPACKING pc=0x0000027f15522b43 sp=0x000000e1392fa710 mode 0
Event: 6.447 Thread 0x0000027f2c9b8800 Uncommon trap: trap_request=0xffffffde fr.pc=0x0000027f1cfcb3c0 relative=0x0000000000000ea0
Event: 6.447 Thread 0x0000027f2c9b8800 Uncommon trap: reason=class_check action=maybe_recompile pc=0x0000027f1cfcb3c0 method=java.util.HashMap.putVal(ILjava/lang/Object;Ljava/lang/Object;ZZ)Ljava/lang/Object; @ 203 c2
Event: 6.447 Thread 0x0000027f2c9b8800 DEOPT PACKING pc=0x0000027f1cfcb3c0 sp=0x000000e1392fd3e0
Event: 6.447 Thread 0x0000027f2c9b8800 DEOPT UNPACKING pc=0x0000027f155223a3 sp=0x000000e1392fd340 mode 2
Event: 6.539 Thread 0x0000027f2c9b8800 DEOPT PACKING pc=0x0000027f15bdb22e sp=0x000000e1392fd660
Event: 6.539 Thread 0x0000027f2c9b8800 DEOPT UNPACKING pc=0x0000027f15522b43 sp=0x000000e1392fcb28 mode 0
Event: 6.539 Thread 0x0000027f2c9b8800 DEOPT PACKING pc=0x0000027f15c48da1 sp=0x000000e1392fd2b0
Event: 6.539 Thread 0x0000027f2c9b8800 DEOPT UNPACKING pc=0x0000027f15522b43 sp=0x000000e1392fc720 mode 0
Event: 6.546 Thread 0x0000027f2c9b8800 DEOPT PACKING pc=0x0000027f15bdb22e sp=0x000000e1392fd660
Event: 6.546 Thread 0x0000027f2c9b8800 DEOPT UNPACKING pc=0x0000027f15522b43 sp=0x000000e1392fcb28 mode 0
Event: 6.547 Thread 0x0000027f2c9b8800 DEOPT PACKING pc=0x0000027f15c48da1 sp=0x000000e1392fd460
Event: 6.547 Thread 0x0000027f2c9b8800 DEOPT UNPACKING pc=0x0000027f15522b43 sp=0x000000e1392fc8d0 mode 0

Classes unloaded (0 events):
No events

Classes redefined (0 events):
No events

Internal exceptions (20 events):
Event: 0.433 Thread 0x0000027f0dcbe0a0 Exception <a 'java/lang/ClassNotFoundException'{0x0000000088c07918}: ToolBarSeparator> (0x0000000088c07918) 
thrown [t:\workspace\open\src\hotspot\share\classfile\systemDictionary.cpp, line 256]
Event: 0.433 Thread 0x0000027f0dcbe0a0 Exception <a 'java/lang/ClassNotFoundException'{0x0000000088c07e30}: ToolTip> (0x0000000088c07e30) 
thrown [t:\workspace\open\src\hotspot\share\classfile\systemDictionary.cpp, line 256]
Event: 0.434 Thread 0x0000027f0dcbe0a0 Exception <a 'java/lang/ClassNotFoundException'{0x0000000088c08780}: Tree> (0x0000000088c08780) 
thrown [t:\workspace\open\src\hotspot\share\classfile\systemDictionary.cpp, line 256]
Event: 0.434 Thread 0x0000027f0dcbe0a0 Exception <a 'java/lang/ClassNotFoundException'{0x0000000088c08c78}: Tree> (0x0000000088c08c78) 
thrown [t:\workspace\open\src\hotspot\share\classfile\systemDictionary.cpp, line 256]
Event: 0.434 Thread 0x0000027f0dcbe0a0 Exception <a 'java/lang/ClassNotFoundException'{0x0000000088c08fe8}: javax/swing/JTreeCell> (0x0000000088c08fe8) 
thrown [t:\workspace\open\src\hotspot\share\classfile\systemDictionary.cpp, line 256]
Event: 0.434 Thread 0x0000027f0dcbe0a0 Exception <a 'java/lang/ClassNotFoundException'{0x0000000088c092e8}: TreeCell> (0x0000000088c092e8) 
thrown [t:\workspace\open\src\hotspot\share\classfile\systemDictionary.cpp, line 256]
Event: 0.435 Thread 0x0000027f0dcbe0a0 Exception <a 'java/lang/ClassNotFoundException'{0x0000000088c09aa8}: RootPane> (0x0000000088c09aa8) 
thrown [t:\workspace\open\src\hotspot\share\classfile\systemDictionary.cpp, line 256]
Event: 0.437 Thread 0x0000027f0dcbe0a0 Exception <a 'java/lang/ClassNotFoundException'{0x0000000088c0c8f8}: com/sun/swing/internal/plaf/metal/resources/spi/metalProvider> (0x0000000088c0c8f8) 
thrown [t:\workspace\open\src\hotspot\share\classfile\systemDictionary.cpp, line 256]
Event: 0.438 Thread 0x0000027f0dcbe0a0 Exception <a 'java/lang/ClassNotFoundException'{0x0000000088c104f8}: com/sun/swing/internal/plaf/basic/resources/spi/basicProvider> (0x0000000088c104f8) 
thrown [t:\workspace\open\src\hotspot\share\classfile\systemDictionary.cpp, line 256]
Event: 0.548 Thread 0x0000027f2c9b8800 Exception <a 'java/lang/ClassNotFoundException'{0x0000000088c8d338}: com/sun/swing/internal/plaf/synth/resources/spi/synthProvider> (0x0000000088c8d338) 
thrown [t:\workspace\open\src\hotspot\share\classfile\systemDictionary.cpp, line 256]
Event: 0.621 Thread 0x0000027f2cb439a0 Exception <a 'java/lang/NoSuchMethodError'{0x0000000088e858e8}: 'void java.lang.invoke.DirectMethodHandle$Holder.invokeVirtual(java.lang.Object, java.lang.Object)'> (0x0000000088e858e8) 
thrown [t:\workspace\open\src\hotspot\share\interpreter\linkResolver.cpp, line 766]
Event: 0.643 Thread 0x0000027f2c9b8800 Exception <a 'java/lang/NoSuchMethodError'{0x0000000088b388a8}: 'void java.lang.invoke.DirectMethodHandle$Holder.invokeStaticInit(java.lang.Object)'> (0x0000000088b388a8) 
thrown [t:\workspace\open\src\hotspot\share\interpreter\linkResolver.cpp, line 766]
Event: 6.209 Thread 0x0000027f2c9b8800 Exception <a 'java/lang/NoSuchMethodError'{0x0000000088772a30}: 'void java.lang.invoke.DirectMethodHandle$Holder.invokeStatic(java.lang.Object, java.lang.Object)'> (0x0000000088772a30) 
thrown [t:\workspace\open\src\hotspot\share\interpreter\linkResolver.cpp, line 766]
Event: 6.289 Thread 0x0000027f2c9b8800 Exception <a 'java/lang/NoSuchMethodError'{0x00000000884416e8}: 'java.lang.Object java.lang.invoke.DirectMethodHandle$Holder.invokeInterface(java.lang.Object, java.lang.Object)'> (0x00000000884416e8) 
thrown [t:\workspace\open\src\hotspot\share\interpreter\linkResolver.cpp, line 766]
Event: 6.315 Thread 0x0000027f2c9b8800 Exception <a 'java/lang/NoSuchMethodError'{0x00000000884be488}: 'void java.lang.invoke.DirectMethodHandle$Holder.invokeStatic(java.lang.Object, java.lang.Object, java.lang.Object)'> (0x00000000884be488) 
thrown [t:\workspace\open\src\hotspot\share\interpreter\linkResolver.cpp, line 766]
Event: 6.316 Thread 0x0000027f2c9b8800 Exception <a 'java/lang/NoSuchMethodError'{0x00000000884c8600}: 'java.lang.Object java.lang.invoke.DirectMethodHandle$Holder.invokeVirtual(java.lang.Object, java.lang.Object, java.lang.Object)'> (0x00000000884c8600) 
thrown [t:\workspace\open\src\hotspot\share\interpreter\linkResolver.cpp, line 766]
Event: 6.534 Thread 0x0000027f2c9b8800 Exception <a 'java/lang/NoSuchMethodError'{0x0000000087e54ff8}: 'void java.lang.invoke.DirectMethodHandle$Holder.invokeStaticInit(java.lang.Object, java.lang.Object)'> (0x0000000087e54ff8) 
thrown [t:\workspace\open\src\hotspot\share\interpreter\linkResolver.cpp, line 766]
Event: 11.145 Thread 0x0000027f2c80c0d0 Exception <a 'java/io/IOException'{0x00000000887f2af8}> (0x00000000887f2af8) 
thrown [t:\workspace\open\src\hotspot\share\prims\jni.cpp, line 516]
Event: 11.145 Thread 0x0000027f2c9b8800 JVM_StopThread thread JavaThread 0x0000027f2c80c0d0 as oop 0x0000000088780b98 [exception 0x000000e1392fec50]
Event: 11.145 Thread 0x0000027f2c80c0d0 Exception <a 'java/lang/ThreadDeath'{0x0000000087d88b30}> (0x0000000087d88b30) 
thrown [t:\workspace\open\src\hotspot\share\prims\jni.cpp, line 516]

VM Operations (20 events):
Event: 2.791 Executing VM operation: Cleanup
Event: 2.791 Executing VM operation: Cleanup done
Event: 3.791 Executing VM operation: Cleanup
Event: 3.791 Executing VM operation: Cleanup done
Event: 4.792 Executing VM operation: Cleanup
Event: 4.792 Executing VM operation: Cleanup done
Event: 5.792 Executing VM operation: Cleanup
Event: 5.792 Executing VM operation: Cleanup done
Event: 6.203 Executing VM operation: HandshakeAllThreads
Event: 6.203 Executing VM operation: HandshakeAllThreads done
Event: 7.203 Executing VM operation: Cleanup
Event: 7.204 Executing VM operation: Cleanup done
Event: 8.204 Executing VM operation: Cleanup
Event: 8.204 Executing VM operation: Cleanup done
Event: 9.205 Executing VM operation: Cleanup
Event: 9.205 Executing VM operation: Cleanup done
Event: 10.205 Executing VM operation: Cleanup
Event: 10.206 Executing VM operation: Cleanup done
Event: 11.145 Executing VM operation: get/set locals
Event: 11.145 Executing VM operation: get/set locals done

Events (20 events):
Event: 6.533 loading class java/security/UnrecoverableEntryException done
Event: 6.533 loading class java/security/UnrecoverableKeyException done
Event: 6.533 loading class java/security/KeyStoreException
Event: 6.533 loading class java/security/KeyStoreException done
Event: 6.533 loading class java/security/cert/CertificateException
Event: 6.533 loading class java/security/cert/CertificateException done
Event: 6.533 loading class java/security/KeyManagementException
Event: 6.533 loading class java/security/KeyManagementException done
Event: 6.533 loading class javax/net/ssl/TrustManager
Event: 6.533 loading class javax/net/ssl/TrustManager done
Event: 7.044 Thread 0x0000027f2d983040 Thread exited: 0x0000027f2d983040
Event: 11.145 loading class java/net/SocketTimeoutException
Event: 11.145 loading class java/io/InterruptedIOException
Event: 11.145 loading class java/io/InterruptedIOException done
Event: 11.145 loading class java/net/SocketTimeoutException done
Event: 11.145 loading class sun/net/ConnectionResetException
Event: 11.145 loading class sun/net/ConnectionResetException done
Event: 11.145 Thread 0x0000027f2c80f0f0 Thread added: 0x0000027f2c80f0f0
Event: 11.145 Thread 0x0000027f2c80ca70 Thread added: 0x0000027f2c80ca70
Event: 11.146 Thread 0x0000027f2c80ca70 Thread exited: 0x0000027f2c80ca70


Dynamic libraries:
0x00007ff623f80000 - 0x00007ff623f90000 	C:\Program Files\Java\jdk-17.0.1\bin\java.exe
0x00007ffbc07b0000 - 0x00007ffbc09a5000 	C:\WINDOWS\SYSTEM32\ntdll.dll
0x00007ffbbef40000 - 0x00007ffbbeffe000 	C:\WINDOWS\System32\KERNEL32.DLL
0x00007ffbbe4d0000 - 0x00007ffbbe798000 	C:\WINDOWS\System32\KERNELBASE.dll
0x00007ffbbe1d0000 - 0x00007ffbbe2d0000 	C:\WINDOWS\System32\ucrtbase.dll
0x00007ffb84d30000 - 0x00007ffb84d4a000 	C:\Program Files\Java\jdk-17.0.1\bin\VCRUNTIME140.dll
0x00007ffbb0960000 - 0x00007ffbb0978000 	C:\Program Files\Java\jdk-17.0.1\bin\jli.dll
0x00007ffbbfff0000 - 0x00007ffbc009c000 	C:\WINDOWS\System32\ADVAPI32.dll
0x00007ffbbecf0000 - 0x00007ffbbed8e000 	C:\WINDOWS\System32\msvcrt.dll
0x00007ffbbeba0000 - 0x00007ffbbec3b000 	C:\WINDOWS\System32\sechost.dll
0x00007ffbbe880000 - 0x00007ffbbe9aa000 	C:\WINDOWS\System32\RPCRT4.dll
0x00007ffbbed90000 - 0x00007ffbbef31000 	C:\WINDOWS\System32\USER32.dll
0x00007ffbbe7d0000 - 0x00007ffbbe7f2000 	C:\WINDOWS\System32\win32u.dll
0x00007ffba7820000 - 0x00007ffba7aba000 	C:\WINDOWS\WinSxS\amd64_microsoft.windows.common-controls_6595b64144ccf1df_6.0.19041.1110_none_60b5254171f9507e\COMCTL32.dll
0x00007ffbc0240000 - 0x00007ffbc026b000 	C:\WINDOWS\System32\GDI32.dll
0x00007ffbbe2d0000 - 0x00007ffbbe3db000 	C:\WINDOWS\System32\gdi32full.dll
0x00007ffbbdf80000 - 0x00007ffbbe01d000 	C:\WINDOWS\System32\msvcp_win.dll
0x00007ffbb5fa0000 - 0x00007ffbb5faa000 	C:\WINDOWS\SYSTEM32\VERSION.dll
0x00007ffbbfe10000 - 0x00007ffbbfe40000 	C:\WINDOWS\System32\IMM32.DLL
0x00007ffbaa5e0000 - 0x00007ffbaa5ec000 	C:\Program Files\Java\jdk-17.0.1\bin\vcruntime140_1.dll
0x00007ffbaf1f0000 - 0x00007ffbaf27d000 	C:\Program Files\Java\jdk-17.0.1\bin\msvcp140.dll
0x00007ffb55b60000 - 0x00007ffb5671e000 	C:\Program Files\Java\jdk-17.0.1\bin\server\jvm.dll
0x00007ffbc0230000 - 0x00007ffbc0238000 	C:\WINDOWS\System32\PSAPI.DLL
0x00007ffba6150000 - 0x00007ffba6159000 	C:\WINDOWS\SYSTEM32\WSOCK32.dll
0x00007ffba7b60000 - 0x00007ffba7b87000 	C:\WINDOWS\SYSTEM32\WINMM.dll
0x00007ffbbead0000 - 0x00007ffbbeb3b000 	C:\WINDOWS\System32\WS2_32.dll
0x00007ffbbbfb0000 - 0x00007ffbbbfc2000 	C:\WINDOWS\SYSTEM32\kernel.appcore.dll
0x00007ffba9e20000 - 0x00007ffba9e2a000 	C:\Program Files\Java\jdk-17.0.1\bin\jimage.dll
0x00007ffba1230000 - 0x00007ffba1414000 	C:\WINDOWS\SYSTEM32\DBGHELP.DLL
0x00007ffb9fb60000 - 0x00007ffb9fb8c000 	C:\WINDOWS\SYSTEM32\dbgcore.DLL
0x00007ffbbe3e0000 - 0x00007ffbbe463000 	C:\WINDOWS\System32\bcryptPrimitives.dll
0x00007ffbaf790000 - 0x00007ffbaf7cb000 	C:\Program Files\Java\jdk-17.0.1\bin\jdwp.dll
0x00007ffb7b7c0000 - 0x00007ffb7b7e5000 	C:\Program Files\Java\jdk-17.0.1\bin\java.dll
0x00007ffb625d0000 - 0x00007ffb626a6000 	C:\Program Files\Java\jdk-17.0.1\bin\svml.dll
0x00007ffbbf660000 - 0x00007ffbbfd9f000 	C:\WINDOWS\System32\SHELL32.dll
0x00007ffbbbfd0000 - 0x00007ffbbc760000 	C:\WINDOWS\SYSTEM32\windows.storage.dll
0x00007ffbbf190000 - 0x00007ffbbf4e5000 	C:\WINDOWS\System32\combase.dll
0x00007ffbbd920000 - 0x00007ffbbd94e000 	C:\WINDOWS\SYSTEM32\Wldp.dll
0x00007ffbc0180000 - 0x00007ffbc022d000 	C:\WINDOWS\System32\SHCORE.dll
0x00007ffbbf130000 - 0x00007ffbbf185000 	C:\WINDOWS\System32\shlwapi.dll
0x00007ffbbde10000 - 0x00007ffbbde2f000 	C:\WINDOWS\SYSTEM32\profapi.dll
0x00007ffb7b3d0000 - 0x00007ffb7b3e9000 	C:\Program Files\Java\jdk-17.0.1\bin\net.dll
0x00007ffbafde0000 - 0x00007ffbafeec000 	C:\WINDOWS\SYSTEM32\WINHTTP.dll
0x00007ffbbd610000 - 0x00007ffbbd67a000 	C:\WINDOWS\system32\mswsock.dll
0x00007ffb7b3b0000 - 0x00007ffb7b3c5000 	C:\Program Files\Java\jdk-17.0.1\bin\nio.dll
0x00007ffbb0980000 - 0x00007ffbb098b000 	C:\Program Files\Java\jdk-17.0.1\bin\dt_shmem.dll
0x00007ffb767e0000 - 0x00007ffb767f8000 	C:\Program Files\Java\jdk-17.0.1\bin\zip.dll
0x00007ffb72b20000 - 0x00007ffb72caf000 	C:\Program Files\Java\jdk-17.0.1\bin\awt.dll
0x00007ffbbf4f0000 - 0x00007ffbbf5bd000 	C:\WINDOWS\System32\OLEAUT32.dll
0x00007ffbbb780000 - 0x00007ffbbb810000 	C:\WINDOWS\SYSTEM32\apphelp.dll
0x00007ffbbb830000 - 0x00007ffbbb8ce000 	C:\WINDOWS\system32\uxtheme.dll
0x00007ffbbe9b0000 - 0x00007ffbbeac5000 	C:\WINDOWS\System32\MSCTF.dll
0x00007ffbbf000000 - 0x00007ffbbf12a000 	C:\WINDOWS\System32\ole32.dll
0x00007ffbbba20000 - 0x00007ffbbba4f000 	C:\WINDOWS\system32\DWMAPI.DLL
0x00007ffb7b900000 - 0x00007ffb7b989000 	C:\Program Files\Java\jdk-17.0.1\bin\freetype.dll
0x00007ffb764a0000 - 0x00007ffb76548000 	C:\Program Files\Java\jdk-17.0.1\bin\fontmanager.dll
0x00007ffb8feb0000 - 0x00007ffb8ffd5000 	C:\WINDOWS\system32\opengl32.dll
0x00007ffba9e90000 - 0x00007ffba9ebc000 	C:\WINDOWS\SYSTEM32\GLU32.dll
0x00007ffbbec40000 - 0x00007ffbbece9000 	C:\WINDOWS\System32\clbcatq.dll
0x00007ffbb7320000 - 0x00007ffbb74d4000 	C:\WINDOWS\SYSTEM32\WindowsCodecs.dll
0x00007ffbbe7a0000 - 0x00007ffbbe7c7000 	C:\WINDOWS\System32\bcrypt.dll
0x00007ffbae940000 - 0x00007ffbaea39000 	C:\WINDOWS\SYSTEM32\textinputframework.dll
0x00007ffbbafa0000 - 0x00007ffbbb2fe000 	C:\WINDOWS\System32\CoreUIComponents.dll
0x00007ffbbb300000 - 0x00007ffbbb3f2000 	C:\WINDOWS\System32\CoreMessaging.dll
0x00007ffbbcbc0000 - 0x00007ffbbcbf3000 	C:\WINDOWS\SYSTEM32\ntmarta.dll
0x00007ffbbae10000 - 0x00007ffbbaf64000 	C:\WINDOWS\SYSTEM32\wintypes.dll
0x00007ffbbd2e0000 - 0x00007ffbbd3ab000 	C:\WINDOWS\SYSTEM32\DNSAPI.dll
0x00007ffbbd2a0000 - 0x00007ffbbd2db000 	C:\WINDOWS\SYSTEM32\IPHLPAPI.DLL
0x00007ffbbfe00000 - 0x00007ffbbfe08000 	C:\WINDOWS\System32\NSI.dll
0x00007ffbb7750000 - 0x00007ffbb775a000 	C:\Windows\System32\rasadhlp.dll
0x00007ffbab7e0000 - 0x00007ffbab85f000 	C:\WINDOWS\System32\fwpuclnt.dll
0x00007ffbb6470000 - 0x00007ffbb64ab000 	C:\WINDOWS\SYSTEM32\dxcore.dll
0x00007ffbbe020000 - 0x00007ffbbe06e000 	C:\WINDOWS\System32\cfgmgr32.dll

dbghelp: loaded successfully - version: 4.0.5 - missing functions: none
symbol engine: initialized successfully - sym options: 0x614 - pdb path: .;C:\Program Files\Java\jdk-17.0.1\bin;C:\WINDOWS\SYSTEM32;C:\WINDOWS\WinSxS\amd64_microsoft.windows.common-controls_6595b64144ccf1df_6.0.19041.1110_none_60b5254171f9507e;C:\Program Files\Java\jdk-17.0.1\bin\server

VM Arguments:
jvm_args: -Dfile.encoding=UTF-8 -agentlib:jdwp=transport=dt_shmem,address=javadebug --module-path=C:\Users\BVCN 88\Documents\NetBeansProjects\MultiChat\build\classes 
java_command: viewclient.SetNicknameFrm
java_class_path (initial): C:\Users\BVCN 88\Documents\NetBeansProjects\Multi Chat - Server\mysql-connector-java-8.0.25\mysql-connector-java-8.0.25.jar;C:\Users\BVCN 88\Documents\NetBeansProjects\MultiChat\build\classes
Launcher Type: SUN_STANDARD

[Global flags]
     intx CICompilerCount                          = 4                                         {product} {ergonomic}
     uint ConcGCThreads                            = 2                                         {product} {ergonomic}
     uint G1ConcRefinementThreads                  = 8                                         {product} {ergonomic}
   size_t G1HeapRegionSize                         = 1048576                                   {product} {ergonomic}
    uintx GCDrainStackTargetSize                   = 64                                        {product} {ergonomic}
   size_t InitialHeapSize                          = 134217728                                 {product} {ergonomic}
   size_t MarkStackSize                            = 4194304                                   {product} {ergonomic}
   size_t MaxHeapSize                              = 2128609280                                {product} {ergonomic}
   size_t MaxNewSize                               = 1277165568                                {product} {ergonomic}
   size_t MinHeapDeltaBytes                        = 1048576                                   {product} {ergonomic}
   size_t MinHeapSize                              = 8388608                                   {product} {ergonomic}
    uintx NonNMethodCodeHeapSize                   = 5839372                                {pd product} {ergonomic}
    uintx NonProfiledCodeHeapSize                  = 122909434                              {pd product} {ergonomic}
    uintx ProfiledCodeHeapSize                     = 122909434                              {pd product} {ergonomic}
    uintx ReservedCodeCacheSize                    = 251658240                              {pd product} {ergonomic}
     bool SegmentedCodeCache                       = true                                      {product} {ergonomic}
   size_t SoftMaxHeapSize                          = 2128609280                             {manageable} {ergonomic}
     bool UseCompressedClassPointers               = true                           {product lp64_product} {ergonomic}
     bool UseCompressedOops                        = true                           {product lp64_product} {ergonomic}
     bool UseG1GC                                  = true                                      {product} {ergonomic}
     bool UseLargePagesIndividualAllocation        = false                                  {pd product} {ergonomic}

Logging:
Log output configuration:
 #0: stdout all=warning uptime,level,tags
 #1: stderr all=off uptime,level,tags

Environment Variables:
JAVA_HOME=C:\Program Files\Java\jdk-17.0.1\bin\jdk-14
PATH=C:\Program Files\Common Files\Oracle\Java\javapath;C:\Program Files (x86)\Common Files\Oracle\Java\javapath;C:\Program Files (x86)\Intel\iCLS Client\;C:\Program Files\Intel\iCLS Client\;C:\Windows\system32;C:\Windows;C:\Windows\System32\Wbem;C:\Windows\System32\WindowsPowerShell\v1.0\;C:\Windows\System32\OpenSSH\;C:\Program Files (x86)\Intel\Intel(R) Management Engine Components\DAL;C:\Program Files\Intel\Intel(R) Management Engine Components\DAL;C:\Program Files (x86)\Intel\Intel(R) Management Engine Components\IPT;C:\Program Files\Intel\Intel(R) Management Engine Components\IPT;C:\Program Files (x86)\NVIDIA Corporation\PhysX\Common;C:\Program Files\Java\jdk1.8.0_271\bin\jdk-14\bin;C:\Program Files (x86)\Dev-Cpp\MinGW64\bin;C:\WINDOWS\system32;C:\WINDOWS;C:\WINDOWS\System32\Wbem;C:\WINDOWS\System32\WindowsPowerShell\v1.0\;C:\WINDOWS\System32\OpenSSH\;C:\Program Files\Microsoft SQL Server\Client SDK\ODBC\170\Tools\Binn\;C:\Program Files (x86)\Microsoft SQL Server\150\Tools\Binn\;C:\Program Files\Microsoft SQL Server\150\Tools\Binn\;C:\Program Files\Microsoft SQL Server\150\DTS\Binn\;C:\Program Files\Azure Data Studio\bin;C:\Program Files\Java\jdk1.8.0_271\bin;;C:\Program Files\NVIDIA Corporation\NVIDIA NvDLISR;C:\Program Files (x86)\Microsoft SQL Server\150\DTS\Binn\;C:\Users\BVCN 88\AppData\Local\Microsoft\WindowsApps;C:\Users\BVCN 88\AppData\Local\Programs\Microsoft VS Code\bin;C:\Program Files (x86)\Dev-Cpp\MinGW64\bin;C:\Program Files\Azure Data Studio\bin;C:\Program Files\Java\jdk1.8.0_271;C:\Program Files (x86)\Nmap
USERNAME=BVCN 88
OS=Windows_NT
PROCESSOR_IDENTIFIER=Intel64 Family 6 Model 158 Stepping 9, GenuineIntel



---------------  S Y S T E M  ---------------

OS:
 Windows 10 , 64 bit Build 19041 (10.0.19041.1348)
OS uptime: 3 days 0:12 hours

CPU: total 8 (initial active 8) (4 cores per cpu, 2 threads per core) family 6 model 158 stepping 9 microcode 0xb4, cx8, cmov, fxsr, ht, mmx, 3dnowpref, sse, sse2, sse3, ssse3, sse4.1, sse4.2, popcnt, lzcnt, tsc, tscinvbit, avx, avx2, aes, erms, clmul, bmi1, bmi2, adx, fma, vzeroupper, clflush, clflushopt

Memory: 4k page, system-wide physical 8112M (1494M free)
TotalPageFile size 15492M (AvailPageFile size 3752M)
current process WorkingSet (physical memory assigned to process): 91M, peak: 91M
current process commit charge ("private bytes"): 239M, peak: 240M

vm_info: Java HotSpot(TM) 64-Bit Server VM (17.0.1+12-LTS-39) for windows-amd64 JRE (17.0.1+12-LTS-39), built on Sep 27 2021 18:41:35 by "mach5one" with MS VC++ 16.8 (VS2019)

END.
